Log file open, 06/02/21 11:08:27
LogInit: Display: Running engine for game: FPSTemplateWithShootingAI
LogPlatformFile: Not using cached read wrapper
LogTaskGraph: Started task graph with 5 named threads and 47 total threads with 3 sets of task threads.
LogStats: Stats thread started at 0.197633
LogD3D11RHI: Loaded GFSDK_Aftermath_Lib.x64.dll
LogICUInternationalization: ICU TimeZone Detection - Raw Offset: +1:00, Platform Override: ''
LogPluginManager: Mounting plugin Paper2D
LogPluginManager: Mounting plugin AISupport
LogPluginManager: Mounting plugin LightPropagationVolume
LogPluginManager: Mounting plugin CameraShakePreviewer
LogPluginManager: Mounting plugin ActorLayerUtilities
LogPluginManager: Mounting plugin AnimationSharing
LogPluginManager: Mounting plugin CLionSourceCodeAccess
LogPluginManager: Mounting plugin CodeLiteSourceCodeAccess
LogPluginManager: Mounting plugin GitSourceControl
LogPluginManager: Mounting plugin KDevelopSourceCodeAccess
LogPluginManager: Mounting plugin NullSourceCodeAccess
LogPluginManager: Mounting plugin PerforceSourceControl
LogPluginManager: Mounting plugin PlasticSourceControl
LogPluginManager: Mounting plugin RiderSourceCodeAccess
LogPluginManager: Mounting plugin SubversionSourceControl
LogPluginManager: Mounting plugin UObjectPlugin
LogPluginManager: Mounting plugin VisualStudioCodeSourceCodeAccess
LogPluginManager: Mounting plugin VisualStudioSourceCodeAccess
LogPluginManager: Mounting plugin XCodeSourceCodeAccess
LogPluginManager: Mounting plugin AssetManagerEditor
LogPluginManager: Mounting plugin CryptoKeys
LogPluginManager: Mounting plugin CurveEditorTools
LogPluginManager: Mounting plugin DataValidation
LogPluginManager: Mounting plugin EditorScriptingUtilities
LogPluginManager: Mounting plugin FacialAnimation
LogPluginManager: Mounting plugin GameplayTagsEditor
LogPluginManager: Mounting plugin GeometryMode
LogPluginManager: Mounting plugin MacGraphicsSwitching
LogPluginManager: Mounting plugin MaterialAnalyzer
LogPluginManager: Mounting plugin MobileLauncherProfileWizard
LogPluginManager: Mounting plugin PluginBrowser
LogPluginManager: Mounting plugin SpeedTreeImporter
LogPluginManager: Mounting plugin DatasmithContent
LogPluginManager: Mounting plugin VariantManagerContent
LogPluginManager: Mounting plugin AlembicImporter
LogPluginManager: Mounting plugin AutomationUtils
LogPluginManager: Mounting plugin BackChannel
LogPluginManager: Mounting plugin ChaosCloth
LogPluginManager: Mounting plugin ChaosClothEditor
LogPluginManager: Mounting plugin ChaosEditor
LogPluginManager: Mounting plugin ChaosNiagara
LogPluginManager: Mounting plugin ChaosSolverPlugin
LogPluginManager: Mounting plugin CharacterAI
LogPluginManager: Mounting plugin GeometryCache
LogPluginManager: Mounting plugin GeometryCollectionPlugin
LogPluginManager: Mounting plugin GeometryProcessing
LogPluginManager: Mounting plugin PlanarCut
LogPluginManager: Mounting plugin PlatformCrypto
LogPluginManager: Mounting plugin ProxyLODPlugin
LogPluginManager: Mounting plugin SkeletalReduction
LogPluginManager: Mounting plugin Niagara
LogPluginManager: Mounting plugin MagicLeap
LogPluginManager: Mounting plugin MagicLeapLightEstimation
LogPluginManager: Mounting plugin MagicLeapMedia
LogPluginManager: Mounting plugin MagicLeapPassableWorld
LogPluginManager: Mounting plugin MLSDK
LogPluginManager: Mounting plugin AndroidMedia
LogPluginManager: Mounting plugin AvfMedia
LogPluginManager: Mounting plugin ImgMedia
LogPluginManager: Mounting plugin MediaCompositing
LogPluginManager: Mounting plugin MediaPlayerEditor
LogPluginManager: Mounting plugin WebMMedia
LogPluginManager: Mounting plugin WmfMedia
LogPluginManager: Mounting plugin MeshPainting
LogPluginManager: Mounting plugin TcpMessaging
LogPluginManager: Mounting plugin UdpMessaging
LogPluginManager: Mounting plugin ActorSequence
LogPluginManager: Mounting plugin LevelSequenceEditor
LogPluginManager: Mounting plugin MatineeToLevelSequence
LogPluginManager: Mounting plugin MovieRenderPipeline
LogPluginManager: Mounting plugin TemplateSequence
LogPluginManager: Mounting plugin NetcodeUnitTest
LogPluginManager: Mounting plugin NUTUnrealEngine4
LogPluginManager: Mounting plugin OnlineSubsystemGooglePlay
LogPluginManager: Mounting plugin OnlineSubsystemIOS
LogPluginManager: Mounting plugin OnlineSubsystem
LogPluginManager: Mounting plugin OnlineSubsystemNull
LogPluginManager: Mounting plugin OnlineSubsystemUtils
LogPluginManager: Mounting plugin LauncherChunkInstaller
LogPluginManager: Mounting plugin AndroidDeviceProfileSelector
LogPluginManager: Mounting plugin AndroidMoviePlayer
LogPluginManager: Mounting plugin AndroidPermission
LogPluginManager: Mounting plugin AppleImageUtils
LogPluginManager: Mounting plugin AppleMoviePlayer
LogPluginManager: Mounting plugin ArchVisCharacter
LogPluginManager: Mounting plugin AssetTags
LogPluginManager: Mounting plugin AudioCapture
LogPluginManager: Mounting plugin CableComponent
LogPluginManager: Mounting plugin CustomMeshComponent
LogPluginManager: Mounting plugin EditableMesh
LogPluginManager: Mounting plugin ExampleDeviceProfileSelector
LogPluginManager: Mounting plugin GoogleCloudMessaging
LogPluginManager: Mounting plugin GooglePAD
LogPluginManager: Mounting plugin IOSDeviceProfileSelector
LogPluginManager: Mounting plugin LinuxDeviceProfileSelector
LogPluginManager: Mounting plugin LocationServicesBPLibrary
LogPluginManager: Mounting plugin MobilePatchingUtils
LogPluginManager: Mounting plugin OculusVR
LogPluginManager: Mounting plugin PhysXVehicles
LogPluginManager: Mounting plugin PostSplashScreen
LogPluginManager: Mounting plugin ProceduralMeshComponent
LogPluginManager: Mounting plugin RuntimePhysXCooking
LogPluginManager: Mounting plugin SignificanceManager
LogPluginManager: Mounting plugin SoundFields
LogPluginManager: Mounting plugin SteamVR
LogPluginManager: Mounting plugin Synthesis
LogPluginManager: Mounting plugin WebMMoviePlayer
LogPluginManager: Mounting plugin WindowsMoviePlayer
LogPluginManager: Mounting plugin ScreenshotTools
LogInit: Using libcurl 7.55.1-DEV
LogInit:  - built for x86_64-pc-win32
LogInit:  - supports SSL with OpenSSL/1.1.1
LogInit:  - supports HTTP deflate (compression) using libz 1.2.8
LogInit:  - other features:
LogInit:      CURL_VERSION_SSL
LogInit:      CURL_VERSION_LIBZ
LogInit:      CURL_VERSION_IPV6
LogInit:      CURL_VERSION_ASYNCHDNS
LogInit:      CURL_VERSION_LARGEFILE
LogInit:      CURL_VERSION_IDN
LogInit:  CurlRequestOptions (configurable via config and command line):
LogInit:  - bVerifyPeer = true  - Libcurl will verify peer certificate
LogInit:  - bUseHttpProxy = false  - Libcurl will NOT use HTTP proxy
LogInit:  - bDontReuseConnections = false  - Libcurl will reuse connections
LogInit:  - MaxHostConnections = 16  - Libcurl will limit the number of connections to a host
LogInit:  - LocalHostAddr = Default
LogInit:  - BufferSize = 65536
LogOnline: OSS: Creating online subsystem instance for: NULL
LogInit: WinSock: version 1.1 (2.2), MaxSocks=32767, MaxUdp=65467
LogOnline: OSS: TryLoadSubsystemAndSetDefault: Loaded subsystem for module [NULL]
LogInit: Build: ++UE4+Release-4.25-CL-14469661
LogInit: Engine Version: 4.25.4-14469661+++UE4+Release-4.25
LogInit: Compatible Engine Version: 4.25.0-13144385+++UE4+Release-4.25
LogInit: Net CL: 13144385
LogInit: OS: Windows 10 (Release 2009) (), CPU: Intel(R) Core(TM) i9-9880H CPU @ 2.30GHz, GPU: NVIDIA GeForce RTX 2070
LogInit: Compiled (64-bit): Oct 11 2020 08:10:49
LogInit: Compiled with Visual C++: 19.24.28315.00
LogInit: Build Configuration: Development
LogInit: Branch Name: ++UE4+Release-4.25
LogInit: Command Line: 
LogInit: Base Directory: C:/Program Files/Epic Games/UE_4.25/Engine/Binaries/Win64/
LogInit: Allocator: TBB
LogInit: Installed Engine Build: 1
LogDevObjectVersion: Number of dev versions registered: 26
LogDevObjectVersion:   Dev-Blueprints (B0D832E4-1F89-4F0D-ACCF-7EB736FD4AA2): 10
LogDevObjectVersion:   Dev-Build (E1C64328-A22C-4D53-A36C-8E866417BD8C): 0
LogDevObjectVersion:   Dev-Core (375EC13C-06E4-48FB-B500-84F0262A717E): 4
LogDevObjectVersion:   Dev-Editor (E4B068ED-F494-42E9-A231-DA0B2E46BB41): 38
LogDevObjectVersion:   Dev-Framework (CFFC743F-43B0-4480-9391-14DF171D2073): 37
LogDevObjectVersion:   Dev-Mobile (B02B49B5-BB20-44E9-A304-32B752E40360): 2
LogDevObjectVersion:   Dev-Networking (A4E4105C-59A1-49B5-A7C5-40C4547EDFEE): 0
LogDevObjectVersion:   Dev-Online (39C831C9-5AE6-47DC-9A44-9C173E1C8E7C): 0
LogDevObjectVersion:   Dev-Physics (78F01B33-EBEA-4F98-B9B4-84EACCB95AA2): 4
LogDevObjectVersion:   Dev-Platform (6631380F-2D4D-43E0-8009-CF276956A95A): 0
LogDevObjectVersion:   Dev-Rendering (12F88B9F-8875-4AFC-A67C-D90C383ABD29): 43
LogDevObjectVersion:   Dev-Sequencer (7B5AE74C-D270-4C10-A958-57980B212A5A): 12
LogDevObjectVersion:   Dev-VR (D7296918-1DD6-4BDD-9DE2-64A83CC13884): 3
LogDevObjectVersion:   Dev-LoadTimes (C2A15278-BFE7-4AFE-6C17-90FF531DF755): 1
LogDevObjectVersion:   Private-Geometry (6EACA3D4-40EC-4CC1-B786-8BED09428FC5): 3
LogDevObjectVersion:   Dev-AnimPhys (29E575DD-E0A3-4627-9D10-D276232CDCEA): 17
LogDevObjectVersion:   Dev-Anim (AF43A65D-7FD3-4947-9873-3E8ED9C1BB05): 7
LogDevObjectVersion:   Dev-ReflectionCapture (6B266CEC-1EC7-4B8F-A30B-E4D90942FC07): 1
LogDevObjectVersion:   Dev-Automation (0DF73D61-A23F-47EA-B727-89E90C41499A): 1
LogDevObjectVersion:   FortniteMain (601D1886-AC64-4F84-AA16-D3DE0DEAC7D6): 31
LogDevObjectVersion:   Dev-Enterprise (9DFFBCD6-494F-0158-E221-12823C92A888): 10
LogDevObjectVersion:   Dev-Niagara (F2AED0AC-9AFE-416F-8664-AA7FFA26D6FC): 1
LogDevObjectVersion:   Dev-Destruction (174F1F0B-B4C6-45A5-B13F-2EE8D0FB917D): 10
LogDevObjectVersion:   Dev-Physics-Ext (35F94A83-E258-406C-A318-09F59610247C): 37
LogDevObjectVersion:   Dev-PhysicsMaterial-Chaos (B68FC16E-8B1B-42E2-B453-215C058844FE): 1
LogDevObjectVersion:   Dev-CineCamera (B2E18506-4273-CFC2-A54E-F4BB758BBA07): 1
LogInit: Presizing for max 25165824 objects, including 0 objects not considered by GC, pre-allocating 0 bytes for permanent pool.
LogConfig: Applying CVar settings from Section [/Script/Engine.StreamingSettings] File [C:/Users/AsmundLaptop/Documents/Unreal Projects/FPSTemplateWithShootingAI/Saved/Config/Windows/Engine.ini]
LogConfig: Setting CVar [[s.MinBulkDataSizeForAsyncLoading:131072]]
LogConfig: Setting CVar [[s.AsyncLoadingThreadEnabled:0]]
LogConfig: Setting CVar [[s.EventDrivenLoaderEnabled:1]]
LogConfig: Setting CVar [[s.WarnIfTimeLimitExceeded:0]]
LogConfig: Setting CVar [[s.TimeLimitExceededMultiplier:1.5]]
LogConfig: Setting CVar [[s.TimeLimitExceededMinTime:0.005]]
LogConfig: Setting CVar [[s.UseBackgroundLevelStreaming:1]]
LogConfig: Setting CVar [[s.PriorityAsyncLoadingExtraTime:15.0]]
LogConfig: Setting CVar [[s.LevelStreamingActorsUpdateTimeLimit:5.0]]
LogConfig: Setting CVar [[s.PriorityLevelStreamingActorsUpdateExtraTime:5.0]]
LogConfig: Setting CVar [[s.LevelStreamingComponentsRegistrationGranularity:10]]
LogConfig: Setting CVar [[s.UnregisterComponentsTimeLimit:1.0]]
LogConfig: Setting CVar [[s.LevelStreamingComponentsUnregistrationGranularity:5]]
LogConfig: Setting CVar [[s.FlushStreamingOnExit:1]]
LogInit: Object subsystem initialized
LogConfig: Setting CVar [[con.DebugEarlyDefault:1]]
LogConfig: Setting CVar [[r.setres:1280x720]]
[2021.06.02-09.08.27:693][  0]LogConfig: Setting CVar [[r.VSync:0]]
[2021.06.02-09.08.27:693][  0]LogConfig: Setting CVar [[r.RHICmdBypass:0]]
[2021.06.02-09.08.27:693][  0]LogConfig: Applying CVar settings from Section [/Script/Engine.RendererSettings] File [C:/Users/AsmundLaptop/Documents/Unreal Projects/FPSTemplateWithShootingAI/Saved/Config/Windows/Engine.ini]
[2021.06.02-09.08.27:693][  0]LogConfig: Setting CVar [[r.GPUCrashDebugging:0]]
[2021.06.02-09.08.27:693][  0]LogConfig: Setting CVar [[r.DefaultFeature.MotionBlur:0]]
[2021.06.02-09.08.27:693][  0]LogConfig: Applying CVar settings from Section [/Script/Engine.RendererOverrideSettings] File [C:/Users/AsmundLaptop/Documents/Unreal Projects/FPSTemplateWithShootingAI/Saved/Config/Windows/Engine.ini]
[2021.06.02-09.08.27:693][  0]LogConfig: Applying CVar settings from Section [/Script/Engine.StreamingSettings] File [C:/Users/AsmundLaptop/Documents/Unreal Projects/FPSTemplateWithShootingAI/Saved/Config/Windows/Engine.ini]
[2021.06.02-09.08.27:693][  0]LogConfig: Setting CVar [[s.MinBulkDataSizeForAsyncLoading:131072]]
[2021.06.02-09.08.27:693][  0]LogConfig: Setting CVar [[s.AsyncLoadingThreadEnabled:0]]
[2021.06.02-09.08.27:693][  0]LogConfig: Setting CVar [[s.EventDrivenLoaderEnabled:1]]
[2021.06.02-09.08.27:693][  0]LogConfig: Setting CVar [[s.WarnIfTimeLimitExceeded:0]]
[2021.06.02-09.08.27:693][  0]LogConfig: Setting CVar [[s.TimeLimitExceededMultiplier:1.5]]
[2021.06.02-09.08.27:693][  0]LogConfig: Setting CVar [[s.TimeLimitExceededMinTime:0.005]]
[2021.06.02-09.08.27:693][  0]LogConfig: Setting CVar [[s.UseBackgroundLevelStreaming:1]]
[2021.06.02-09.08.27:693][  0]LogConfig: Setting CVar [[s.PriorityAsyncLoadingExtraTime:15.0]]
[2021.06.02-09.08.27:693][  0]LogConfig: Setting CVar [[s.LevelStreamingActorsUpdateTimeLimit:5.0]]
[2021.06.02-09.08.27:693][  0]LogConfig: Setting CVar [[s.PriorityLevelStreamingActorsUpdateExtraTime:5.0]]
[2021.06.02-09.08.27:693][  0]LogConfig: Setting CVar [[s.LevelStreamingComponentsRegistrationGranularity:10]]
[2021.06.02-09.08.27:693][  0]LogConfig: Setting CVar [[s.UnregisterComponentsTimeLimit:1.0]]
[2021.06.02-09.08.27:693][  0]LogConfig: Setting CVar [[s.LevelStreamingComponentsUnregistrationGranularity:5]]
[2021.06.02-09.08.27:693][  0]LogConfig: Setting CVar [[s.FlushStreamingOnExit:1]]
[2021.06.02-09.08.27:693][  0]LogConfig: Applying CVar settings from Section [/Script/Engine.GarbageCollectionSettings] File [C:/Users/AsmundLaptop/Documents/Unreal Projects/FPSTemplateWithShootingAI/Saved/Config/Windows/Engine.ini]
[2021.06.02-09.08.27:693][  0]LogConfig: Setting CVar [[gc.MaxObjectsNotConsideredByGC:1]]
[2021.06.02-09.08.27:693][  0]LogConfig: Setting CVar [[gc.SizeOfPermanentObjectPool:0]]
[2021.06.02-09.08.27:693][  0]LogConfig: Setting CVar [[gc.FlushStreamingOnGC:0]]
[2021.06.02-09.08.27:693][  0]LogConfig: Setting CVar [[gc.NumRetriesBeforeForcingGC:10]]
[2021.06.02-09.08.27:693][  0]LogConfig: Setting CVar [[gc.AllowParallelGC:1]]
[2021.06.02-09.08.27:693][  0]LogConfig: Setting CVar [[gc.TimeBetweenPurgingPendingKillObjects:61.1]]
[2021.06.02-09.08.27:693][  0]LogConfig: Setting CVar [[gc.MaxObjectsInEditor:25165824]]
[2021.06.02-09.08.27:693][  0]LogConfig: Setting CVar [[gc.IncrementalBeginDestroyEnabled:1]]
[2021.06.02-09.08.27:693][  0]LogConfig: Setting CVar [[gc.CreateGCClusters:1]]
[2021.06.02-09.08.27:693][  0]LogConfig: Setting CVar [[gc.MinGCClusterSize:5]]
[2021.06.02-09.08.27:693][  0]LogConfig: Setting CVar [[gc.ActorClusteringEnabled:0]]
[2021.06.02-09.08.27:693][  0]LogConfig: Setting CVar [[gc.BlueprintClusteringEnabled:0]]
[2021.06.02-09.08.27:693][  0]LogConfig: Setting CVar [[gc.UseDisregardForGCOnDedicatedServers:0]]
[2021.06.02-09.08.27:693][  0]LogConfig: Applying CVar settings from Section [/Script/Engine.NetworkSettings] File [C:/Users/AsmundLaptop/Documents/Unreal Projects/FPSTemplateWithShootingAI/Saved/Config/Windows/Engine.ini]
[2021.06.02-09.08.27:693][  0]LogConfig: Applying CVar settings from Section [/Script/UnrealEd.CookerSettings] File [C:/Users/AsmundLaptop/Documents/Unreal Projects/FPSTemplateWithShootingAI/Saved/Config/Windows/Engine.ini]
[2021.06.02-09.08.27:732][  0]LogConfig: Applying CVar settings from Section [ViewDistanceQuality@3] File [C:/Users/AsmundLaptop/Documents/Unreal Projects/FPSTemplateWithShootingAI/Saved/Config/Windows/Scalability.ini]
[2021.06.02-09.08.27:732][  0]LogConfig: Setting CVar [[r.SkeletalMeshLODBias:0]]
[2021.06.02-09.08.27:732][  0]LogConfig: Setting CVar [[r.ViewDistanceScale:1.0]]
[2021.06.02-09.08.27:732][  0]LogConfig: Applying CVar settings from Section [AntiAliasingQuality@3] File [C:/Users/AsmundLaptop/Documents/Unreal Projects/FPSTemplateWithShootingAI/Saved/Config/Windows/Scalability.ini]
[2021.06.02-09.08.27:732][  0]LogConfig: Setting CVar [[r.PostProcessAAQuality:4]]
[2021.06.02-09.08.27:732][  0]LogConfig: Applying CVar settings from Section [ShadowQuality@3] File [C:/Users/AsmundLaptop/Documents/Unreal Projects/FPSTemplateWithShootingAI/Saved/Config/Windows/Scalability.ini]
[2021.06.02-09.08.27:732][  0]LogConfig: Setting CVar [[r.LightFunctionQuality:1]]
[2021.06.02-09.08.27:732][  0]LogConfig: Setting CVar [[r.ShadowQuality:5]]
[2021.06.02-09.08.27:732][  0]LogConfig: Setting CVar [[r.Shadow.CSM.MaxCascades:10]]
[2021.06.02-09.08.27:732][  0]LogConfig: Setting CVar [[r.Shadow.MaxResolution:2048]]
[2021.06.02-09.08.27:732][  0]LogConfig: Setting CVar [[r.Shadow.MaxCSMResolution:2048]]
[2021.06.02-09.08.27:732][  0]LogConfig: Setting CVar [[r.Shadow.RadiusThreshold:0.01]]
[2021.06.02-09.08.27:732][  0]LogConfig: Setting CVar [[r.Shadow.DistanceScale:1.0]]
[2021.06.02-09.08.27:732][  0]LogConfig: Setting CVar [[r.Shadow.CSM.TransitionScale:1.0]]
[2021.06.02-09.08.27:732][  0]LogConfig: Setting CVar [[r.Shadow.PreShadowResolutionFactor:1.0]]
[2021.06.02-09.08.27:732][  0]LogConfig: Setting CVar [[r.DistanceFieldShadowing:1]]
[2021.06.02-09.08.27:732][  0]LogConfig: Setting CVar [[r.DistanceFieldAO:1]]
[2021.06.02-09.08.27:732][  0]LogConfig: Setting CVar [[r.AOQuality:2]]
[2021.06.02-09.08.27:732][  0]LogConfig: Setting CVar [[r.VolumetricFog:1]]
[2021.06.02-09.08.27:732][  0]LogConfig: Setting CVar [[r.VolumetricFog.GridPixelSize:8]]
[2021.06.02-09.08.27:732][  0]LogConfig: Setting CVar [[r.VolumetricFog.GridSizeZ:128]]
[2021.06.02-09.08.27:732][  0]LogConfig: Setting CVar [[r.VolumetricFog.HistoryMissSupersampleCount:4]]
[2021.06.02-09.08.27:732][  0]LogConfig: Setting CVar [[r.LightMaxDrawDistanceScale:1]]
[2021.06.02-09.08.27:732][  0]LogConfig: Setting CVar [[r.CapsuleShadows:1]]
[2021.06.02-09.08.27:732][  0]LogConfig: Applying CVar settings from Section [PostProcessQuality@3] File [C:/Users/AsmundLaptop/Documents/Unreal Projects/FPSTemplateWithShootingAI/Saved/Config/Windows/Scalability.ini]
[2021.06.02-09.08.27:732][  0]LogConfig: Setting CVar [[r.MotionBlurQuality:4]]
[2021.06.02-09.08.27:732][  0]LogConfig: Setting CVar [[r.AmbientOcclusionMipLevelFactor:0.4]]
[2021.06.02-09.08.27:732][  0]LogConfig: Setting CVar [[r.AmbientOcclusionMaxQuality:100]]
[2021.06.02-09.08.27:732][  0]LogConfig: Setting CVar [[r.AmbientOcclusionLevels:-1]]
[2021.06.02-09.08.27:732][  0]LogConfig: Setting CVar [[r.AmbientOcclusionRadiusScale:1.0]]
[2021.06.02-09.08.27:732][  0]LogConfig: Setting CVar [[r.DepthOfFieldQuality:2]]
[2021.06.02-09.08.27:732][  0]LogConfig: Setting CVar [[r.RenderTargetPoolMin:400]]
[2021.06.02-09.08.27:732][  0]LogConfig: Setting CVar [[r.LensFlareQuality:2]]
[2021.06.02-09.08.27:732][  0]LogConfig: Setting CVar [[r.SceneColorFringeQuality:1]]
[2021.06.02-09.08.27:732][  0]LogConfig: Setting CVar [[r.EyeAdaptationQuality:2]]
[2021.06.02-09.08.27:732][  0]LogConfig: Setting CVar [[r.BloomQuality:5]]
[2021.06.02-09.08.27:732][  0]LogConfig: Setting CVar [[r.FastBlurThreshold:100]]
[2021.06.02-09.08.27:732][  0]LogConfig: Setting CVar [[r.Upscale.Quality:3]]
[2021.06.02-09.08.27:732][  0]LogConfig: Setting CVar [[r.Tonemapper.GrainQuantization:1]]
[2021.06.02-09.08.27:732][  0]LogConfig: Setting CVar [[r.LightShaftQuality:1]]
[2021.06.02-09.08.27:732][  0]LogConfig: Setting CVar [[r.Filter.SizeScale:1]]
[2021.06.02-09.08.27:732][  0]LogConfig: Setting CVar [[r.Tonemapper.Quality:5]]
[2021.06.02-09.08.27:732][  0]LogConfig: Setting CVar [[r.DOF.Gather.AccumulatorQuality:1        ; higher gathering accumulator quality]]
[2021.06.02-09.08.27:732][  0]LogConfig: Setting CVar [[r.DOF.Gather.PostfilterMethod:1          ; Median3x3 postfilering method]]
[2021.06.02-09.08.27:732][  0]LogConfig: Setting CVar [[r.DOF.Gather.EnableBokehSettings:0       ; no bokeh simulation when gathering]]
[2021.06.02-09.08.27:732][  0]LogConfig: Setting CVar [[r.DOF.Gather.RingCount:4                 ; medium number of samples when gathering]]
[2021.06.02-09.08.27:732][  0]LogConfig: Setting CVar [[r.DOF.Scatter.ForegroundCompositing:1    ; additive foreground scattering]]
[2021.06.02-09.08.27:732][  0]LogConfig: Setting CVar [[r.DOF.Scatter.BackgroundCompositing:2    ; additive background scattering]]
[2021.06.02-09.08.27:732][  0]LogConfig: Setting CVar [[r.DOF.Scatter.EnableBokehSettings:1      ; bokeh simulation when scattering]]
[2021.06.02-09.08.27:732][  0]LogConfig: Setting CVar [[r.DOF.Scatter.MaxSpriteRatio:0.1         ; only a maximum of 10% of scattered bokeh]]
[2021.06.02-09.08.27:732][  0]LogConfig: Setting CVar [[r.DOF.Recombine.Quality:1                ; cheap slight out of focus]]
[2021.06.02-09.08.27:732][  0]LogConfig: Setting CVar [[r.DOF.Recombine.EnableBokehSettings:0    ; no bokeh simulation on slight out of focus]]
[2021.06.02-09.08.27:732][  0]LogConfig: Setting CVar [[r.DOF.TemporalAAQuality:1                ; more stable temporal accumulation]]
[2021.06.02-09.08.27:732][  0]LogConfig: Setting CVar [[r.DOF.Kernel.MaxForegroundRadius:0.025]]
[2021.06.02-09.08.27:732][  0]LogConfig: Setting CVar [[r.DOF.Kernel.MaxBackgroundRadius:0.025]]
[2021.06.02-09.08.27:732][  0]LogConfig: Applying CVar settings from Section [TextureQuality@3] File [C:/Users/AsmundLaptop/Documents/Unreal Projects/FPSTemplateWithShootingAI/Saved/Config/Windows/Scalability.ini]
[2021.06.02-09.08.27:732][  0]LogConfig: Setting CVar [[r.Streaming.MipBias:0]]
[2021.06.02-09.08.27:732][  0]LogConfig: Setting CVar [[r.Streaming.AmortizeCPUToGPUCopy:0]]
[2021.06.02-09.08.27:732][  0]LogConfig: Setting CVar [[r.Streaming.MaxNumTexturesToStreamPerFrame:0]]
[2021.06.02-09.08.27:732][  0]LogConfig: Setting CVar [[r.Streaming.Boost:1]]
[2021.06.02-09.08.27:732][  0]LogConfig: Setting CVar [[r.MaxAnisotropy:8]]
[2021.06.02-09.08.27:732][  0]LogConfig: Setting CVar [[r.VT.MaxAnisotropy:8]]
[2021.06.02-09.08.27:732][  0]LogConfig: Setting CVar [[r.Streaming.LimitPoolSizeToVRAM:0]]
[2021.06.02-09.08.27:732][  0]LogConfig: Setting CVar [[r.Streaming.PoolSize:1000]]
[2021.06.02-09.08.27:732][  0]LogConfig: Setting CVar [[r.Streaming.MaxEffectiveScreenSize:0]]
[2021.06.02-09.08.27:732][  0]LogConfig: Applying CVar settings from Section [EffectsQuality@3] File [C:/Users/AsmundLaptop/Documents/Unreal Projects/FPSTemplateWithShootingAI/Saved/Config/Windows/Scalability.ini]
[2021.06.02-09.08.27:732][  0]LogConfig: Setting CVar [[r.TranslucencyLightingVolumeDim:64]]
[2021.06.02-09.08.27:732][  0]LogConfig: Setting CVar [[r.RefractionQuality:2]]
[2021.06.02-09.08.27:732][  0]LogConfig: Setting CVar [[r.SSR.Quality:3]]
[2021.06.02-09.08.27:732][  0]LogConfig: Setting CVar [[r.SSR.HalfResSceneColor:0]]
[2021.06.02-09.08.27:732][  0]LogConfig: Setting CVar [[r.SceneColorFormat:4]]
[2021.06.02-09.08.27:733][  0]LogConfig: Setting CVar [[r.DetailMode:2]]
[2021.06.02-09.08.27:733][  0]LogConfig: Setting CVar [[r.TranslucencyVolumeBlur:1]]
[2021.06.02-09.08.27:733][  0]LogConfig: Setting CVar [[r.MaterialQualityLevel:1 ; High quality]]
[2021.06.02-09.08.27:733][  0]LogConfig: Setting CVar [[r.SSS.Scale:1]]
[2021.06.02-09.08.27:733][  0]LogConfig: Setting CVar [[r.SSS.SampleSet:2]]
[2021.06.02-09.08.27:733][  0]LogConfig: Setting CVar [[r.SSS.Quality:1]]
[2021.06.02-09.08.27:733][  0]LogConfig: Setting CVar [[r.SSS.HalfRes:0]]
[2021.06.02-09.08.27:733][  0]LogConfig: Setting CVar [[r.SSGI.Quality:3]]
[2021.06.02-09.08.27:733][  0]LogConfig: Setting CVar [[r.EmitterSpawnRateScale:1.0]]
[2021.06.02-09.08.27:733][  0]LogConfig: Setting CVar [[r.ParticleLightQuality:2]]
[2021.06.02-09.08.27:733][  0]LogConfig: Setting CVar [[r.SkyAtmosphere.AerialPerspectiveLUT.FastApplyOnOpaque:1 ; Always have FastSkyLUT 1 in this case to avoid wrong sky]]
[2021.06.02-09.08.27:733][  0]LogConfig: Setting CVar [[r.SkyAtmosphere.AerialPerspectiveLUT.SampleCountPerSlice:1]]
[2021.06.02-09.08.27:733][  0]LogConfig: Setting CVar [[r.SkyAtmosphere.AerialPerspectiveLUT.DepthResolution:16.0]]
[2021.06.02-09.08.27:733][  0]LogConfig: Setting CVar [[r.SkyAtmosphere.FastSkyLUT:1]]
[2021.06.02-09.08.27:733][  0]LogConfig: Setting CVar [[r.SkyAtmosphere.FastSkyLUT.SampleCountMin:4.0]]
[2021.06.02-09.08.27:733][  0]LogConfig: Setting CVar [[r.SkyAtmosphere.FastSkyLUT.SampleCountMax:32.0]]
[2021.06.02-09.08.27:733][  0]LogConfig: Setting CVar [[r.SkyAtmosphere.SampleCountMin:4.0]]
[2021.06.02-09.08.27:733][  0]LogConfig: Setting CVar [[r.SkyAtmosphere.SampleCountMax:32.0]]
[2021.06.02-09.08.27:733][  0]LogConfig: Setting CVar [[r.SkyAtmosphere.TransmittanceLUT.UseSmallFormat:0]]
[2021.06.02-09.08.27:733][  0]LogConfig: Setting CVar [[r.SkyAtmosphere.TransmittanceLUT.SampleCount:10.0]]
[2021.06.02-09.08.27:733][  0]LogConfig: Setting CVar [[r.SkyAtmosphere.MultiScatteringLUT.SampleCount:15.0]]
[2021.06.02-09.08.27:733][  0]LogConfig: Applying CVar settings from Section [FoliageQuality@3] File [C:/Users/AsmundLaptop/Documents/Unreal Projects/FPSTemplateWithShootingAI/Saved/Config/Windows/Scalability.ini]
[2021.06.02-09.08.27:733][  0]LogConfig: Setting CVar [[foliage.DensityScale:1.0]]
[2021.06.02-09.08.27:733][  0]LogConfig: Setting CVar [[grass.DensityScale:1.0]]
[2021.06.02-09.08.27:733][  0]LogConfig: Applying CVar settings from Section [ShadingQuality@3] File [C:/Users/AsmundLaptop/Documents/Unreal Projects/FPSTemplateWithShootingAI/Saved/Config/Windows/Scalability.ini]
[2021.06.02-09.08.27:733][  0]LogConfig: Setting CVar [[r.HairStrands.SkyLighting.SampleCount:16]]
[2021.06.02-09.08.27:733][  0]LogConfig: Setting CVar [[r.HairStrands.SkyLighting.JitterIntegration:0]]
[2021.06.02-09.08.27:733][  0]LogConfig: Setting CVar [[r.HairStrands.SkyAO.SampleCount:16]]
[2021.06.02-09.08.27:733][  0]LogConfig: Setting CVar [[r.HairStrands.DeepShadow.SuperSampling:0]]
[2021.06.02-09.08.27:733][  0]LogConfig: Setting CVar [[r.HairStrands.VisibilityPPLL:0]]
[2021.06.02-09.08.27:733][  0]LogConfig: Setting CVar [[r.HairStrands.RasterizationScale:0.5]]
[2021.06.02-09.08.27:733][  0]LogConfig: Setting CVar [[r.HairStrands.VelocityRasterizationScale:1]]
[2021.06.02-09.08.27:733][  0]LogInit: Selected Device Profile: [Windows]
[2021.06.02-09.08.27:733][  0]LogInit: Applying CVar settings loaded from the selected device profile: [Windows]
[2021.06.02-09.08.27:733][  0]LogHAL: Display: Platform has ~ 16 GB [17021972480 / 17179869184 / 16], which maps to Larger [LargestMinGB=32, LargerMinGB=12, DefaultMinGB=8, SmallerMinGB=6, SmallestMinGB=0)
[2021.06.02-09.08.27:733][  0]LogInit: Going up to parent DeviceProfile []
[2021.06.02-09.08.27:733][  0]LogConfig: Applying CVar settings from Section [ViewDistanceQuality@3] File [C:/Users/AsmundLaptop/Documents/Unreal Projects/FPSTemplateWithShootingAI/Saved/Config/Windows/Scalability.ini]
[2021.06.02-09.08.27:733][  0]LogConfig: Setting CVar [[r.SkeletalMeshLODBias:0]]
[2021.06.02-09.08.27:733][  0]LogConfig: Setting CVar [[r.ViewDistanceScale:1.0]]
[2021.06.02-09.08.27:733][  0]LogConfig: Applying CVar settings from Section [AntiAliasingQuality@3] File [C:/Users/AsmundLaptop/Documents/Unreal Projects/FPSTemplateWithShootingAI/Saved/Config/Windows/Scalability.ini]
[2021.06.02-09.08.27:733][  0]LogConfig: Setting CVar [[r.PostProcessAAQuality:4]]
[2021.06.02-09.08.27:733][  0]LogConfig: Applying CVar settings from Section [ShadowQuality@3] File [C:/Users/AsmundLaptop/Documents/Unreal Projects/FPSTemplateWithShootingAI/Saved/Config/Windows/Scalability.ini]
[2021.06.02-09.08.27:733][  0]LogConfig: Setting CVar [[r.LightFunctionQuality:1]]
[2021.06.02-09.08.27:733][  0]LogConfig: Setting CVar [[r.ShadowQuality:5]]
[2021.06.02-09.08.27:733][  0]LogConfig: Setting CVar [[r.Shadow.CSM.MaxCascades:10]]
[2021.06.02-09.08.27:733][  0]LogConfig: Setting CVar [[r.Shadow.MaxResolution:2048]]
[2021.06.02-09.08.27:733][  0]LogConfig: Setting CVar [[r.Shadow.MaxCSMResolution:2048]]
[2021.06.02-09.08.27:733][  0]LogConfig: Setting CVar [[r.Shadow.RadiusThreshold:0.01]]
[2021.06.02-09.08.27:733][  0]LogConfig: Setting CVar [[r.Shadow.DistanceScale:1.0]]
[2021.06.02-09.08.27:733][  0]LogConfig: Setting CVar [[r.Shadow.CSM.TransitionScale:1.0]]
[2021.06.02-09.08.27:733][  0]LogConfig: Setting CVar [[r.Shadow.PreShadowResolutionFactor:1.0]]
[2021.06.02-09.08.27:733][  0]LogConfig: Setting CVar [[r.DistanceFieldShadowing:1]]
[2021.06.02-09.08.27:733][  0]LogConfig: Setting CVar [[r.DistanceFieldAO:1]]
[2021.06.02-09.08.27:733][  0]LogConfig: Setting CVar [[r.AOQuality:2]]
[2021.06.02-09.08.27:733][  0]LogConfig: Setting CVar [[r.VolumetricFog:1]]
[2021.06.02-09.08.27:733][  0]LogConfig: Setting CVar [[r.VolumetricFog.GridPixelSize:8]]
[2021.06.02-09.08.27:733][  0]LogConfig: Setting CVar [[r.VolumetricFog.GridSizeZ:128]]
[2021.06.02-09.08.27:733][  0]LogConfig: Setting CVar [[r.VolumetricFog.HistoryMissSupersampleCount:4]]
[2021.06.02-09.08.27:733][  0]LogConfig: Setting CVar [[r.LightMaxDrawDistanceScale:1]]
[2021.06.02-09.08.27:733][  0]LogConfig: Setting CVar [[r.CapsuleShadows:1]]
[2021.06.02-09.08.27:733][  0]LogConfig: Applying CVar settings from Section [PostProcessQuality@3] File [C:/Users/AsmundLaptop/Documents/Unreal Projects/FPSTemplateWithShootingAI/Saved/Config/Windows/Scalability.ini]
[2021.06.02-09.08.27:733][  0]LogConfig: Setting CVar [[r.MotionBlurQuality:4]]
[2021.06.02-09.08.27:733][  0]LogConfig: Setting CVar [[r.AmbientOcclusionMipLevelFactor:0.4]]
[2021.06.02-09.08.27:733][  0]LogConfig: Setting CVar [[r.AmbientOcclusionMaxQuality:100]]
[2021.06.02-09.08.27:733][  0]LogConfig: Setting CVar [[r.AmbientOcclusionLevels:-1]]
[2021.06.02-09.08.27:733][  0]LogConfig: Setting CVar [[r.AmbientOcclusionRadiusScale:1.0]]
[2021.06.02-09.08.27:733][  0]LogConfig: Setting CVar [[r.DepthOfFieldQuality:2]]
[2021.06.02-09.08.27:733][  0]LogConfig: Setting CVar [[r.RenderTargetPoolMin:400]]
[2021.06.02-09.08.27:733][  0]LogConfig: Setting CVar [[r.LensFlareQuality:2]]
[2021.06.02-09.08.27:733][  0]LogConfig: Setting CVar [[r.SceneColorFringeQuality:1]]
[2021.06.02-09.08.27:733][  0]LogConfig: Setting CVar [[r.EyeAdaptationQuality:2]]
[2021.06.02-09.08.27:733][  0]LogConfig: Setting CVar [[r.BloomQuality:5]]
[2021.06.02-09.08.27:733][  0]LogConfig: Setting CVar [[r.FastBlurThreshold:100]]
[2021.06.02-09.08.27:733][  0]LogConfig: Setting CVar [[r.Upscale.Quality:3]]
[2021.06.02-09.08.27:733][  0]LogConfig: Setting CVar [[r.Tonemapper.GrainQuantization:1]]
[2021.06.02-09.08.27:733][  0]LogConfig: Setting CVar [[r.LightShaftQuality:1]]
[2021.06.02-09.08.27:733][  0]LogConfig: Setting CVar [[r.Filter.SizeScale:1]]
[2021.06.02-09.08.27:733][  0]LogConfig: Setting CVar [[r.Tonemapper.Quality:5]]
[2021.06.02-09.08.27:733][  0]LogConfig: Setting CVar [[r.DOF.Gather.AccumulatorQuality:1        ; higher gathering accumulator quality]]
[2021.06.02-09.08.27:733][  0]LogConfig: Setting CVar [[r.DOF.Gather.PostfilterMethod:1          ; Median3x3 postfilering method]]
[2021.06.02-09.08.27:733][  0]LogConfig: Setting CVar [[r.DOF.Gather.EnableBokehSettings:0       ; no bokeh simulation when gathering]]
[2021.06.02-09.08.27:733][  0]LogConfig: Setting CVar [[r.DOF.Gather.RingCount:4                 ; medium number of samples when gathering]]
[2021.06.02-09.08.27:733][  0]LogConfig: Setting CVar [[r.DOF.Scatter.ForegroundCompositing:1    ; additive foreground scattering]]
[2021.06.02-09.08.27:733][  0]LogConfig: Setting CVar [[r.DOF.Scatter.BackgroundCompositing:2    ; additive background scattering]]
[2021.06.02-09.08.27:733][  0]LogConfig: Setting CVar [[r.DOF.Scatter.EnableBokehSettings:1      ; bokeh simulation when scattering]]
[2021.06.02-09.08.27:733][  0]LogConfig: Setting CVar [[r.DOF.Scatter.MaxSpriteRatio:0.1         ; only a maximum of 10% of scattered bokeh]]
[2021.06.02-09.08.27:733][  0]LogConfig: Setting CVar [[r.DOF.Recombine.Quality:1                ; cheap slight out of focus]]
[2021.06.02-09.08.27:733][  0]LogConfig: Setting CVar [[r.DOF.Recombine.EnableBokehSettings:0    ; no bokeh simulation on slight out of focus]]
[2021.06.02-09.08.27:733][  0]LogConfig: Setting CVar [[r.DOF.TemporalAAQuality:1                ; more stable temporal accumulation]]
[2021.06.02-09.08.27:733][  0]LogConfig: Setting CVar [[r.DOF.Kernel.MaxForegroundRadius:0.025]]
[2021.06.02-09.08.27:733][  0]LogConfig: Setting CVar [[r.DOF.Kernel.MaxBackgroundRadius:0.025]]
[2021.06.02-09.08.27:733][  0]LogConfig: Applying CVar settings from Section [TextureQuality@3] File [C:/Users/AsmundLaptop/Documents/Unreal Projects/FPSTemplateWithShootingAI/Saved/Config/Windows/Scalability.ini]
[2021.06.02-09.08.27:733][  0]LogConfig: Setting CVar [[r.Streaming.MipBias:0]]
[2021.06.02-09.08.27:733][  0]LogConfig: Setting CVar [[r.Streaming.AmortizeCPUToGPUCopy:0]]
[2021.06.02-09.08.27:733][  0]LogConfig: Setting CVar [[r.Streaming.MaxNumTexturesToStreamPerFrame:0]]
[2021.06.02-09.08.27:734][  0]LogConfig: Setting CVar [[r.Streaming.Boost:1]]
[2021.06.02-09.08.27:734][  0]LogConfig: Setting CVar [[r.MaxAnisotropy:8]]
[2021.06.02-09.08.27:734][  0]LogConfig: Setting CVar [[r.VT.MaxAnisotropy:8]]
[2021.06.02-09.08.27:734][  0]LogConfig: Setting CVar [[r.Streaming.LimitPoolSizeToVRAM:0]]
[2021.06.02-09.08.27:734][  0]LogConfig: Setting CVar [[r.Streaming.PoolSize:1000]]
[2021.06.02-09.08.27:734][  0]LogConfig: Setting CVar [[r.Streaming.MaxEffectiveScreenSize:0]]
[2021.06.02-09.08.27:734][  0]LogConfig: Applying CVar settings from Section [EffectsQuality@3] File [C:/Users/AsmundLaptop/Documents/Unreal Projects/FPSTemplateWithShootingAI/Saved/Config/Windows/Scalability.ini]
[2021.06.02-09.08.27:734][  0]LogConfig: Setting CVar [[r.TranslucencyLightingVolumeDim:64]]
[2021.06.02-09.08.27:734][  0]LogConfig: Setting CVar [[r.RefractionQuality:2]]
[2021.06.02-09.08.27:734][  0]LogConfig: Setting CVar [[r.SSR.Quality:3]]
[2021.06.02-09.08.27:734][  0]LogConfig: Setting CVar [[r.SSR.HalfResSceneColor:0]]
[2021.06.02-09.08.27:734][  0]LogConfig: Setting CVar [[r.SceneColorFormat:4]]
[2021.06.02-09.08.27:734][  0]LogConfig: Setting CVar [[r.DetailMode:2]]
[2021.06.02-09.08.27:734][  0]LogConfig: Setting CVar [[r.TranslucencyVolumeBlur:1]]
[2021.06.02-09.08.27:734][  0]LogConfig: Setting CVar [[r.MaterialQualityLevel:1 ; High quality]]
[2021.06.02-09.08.27:734][  0]LogConfig: Setting CVar [[r.SSS.Scale:1]]
[2021.06.02-09.08.27:734][  0]LogConfig: Setting CVar [[r.SSS.SampleSet:2]]
[2021.06.02-09.08.27:734][  0]LogConfig: Setting CVar [[r.SSS.Quality:1]]
[2021.06.02-09.08.27:734][  0]LogConfig: Setting CVar [[r.SSS.HalfRes:0]]
[2021.06.02-09.08.27:734][  0]LogConfig: Setting CVar [[r.SSGI.Quality:3]]
[2021.06.02-09.08.27:734][  0]LogConfig: Setting CVar [[r.EmitterSpawnRateScale:1.0]]
[2021.06.02-09.08.27:734][  0]LogConfig: Setting CVar [[r.ParticleLightQuality:2]]
[2021.06.02-09.08.27:734][  0]LogConfig: Setting CVar [[r.SkyAtmosphere.AerialPerspectiveLUT.FastApplyOnOpaque:1 ; Always have FastSkyLUT 1 in this case to avoid wrong sky]]
[2021.06.02-09.08.27:734][  0]LogConfig: Setting CVar [[r.SkyAtmosphere.AerialPerspectiveLUT.SampleCountPerSlice:1]]
[2021.06.02-09.08.27:734][  0]LogConfig: Setting CVar [[r.SkyAtmosphere.AerialPerspectiveLUT.DepthResolution:16.0]]
[2021.06.02-09.08.27:734][  0]LogConfig: Setting CVar [[r.SkyAtmosphere.FastSkyLUT:1]]
[2021.06.02-09.08.27:734][  0]LogConfig: Setting CVar [[r.SkyAtmosphere.FastSkyLUT.SampleCountMin:4.0]]
[2021.06.02-09.08.27:734][  0]LogConfig: Setting CVar [[r.SkyAtmosphere.FastSkyLUT.SampleCountMax:32.0]]
[2021.06.02-09.08.27:734][  0]LogConfig: Setting CVar [[r.SkyAtmosphere.SampleCountMin:4.0]]
[2021.06.02-09.08.27:734][  0]LogConfig: Setting CVar [[r.SkyAtmosphere.SampleCountMax:32.0]]
[2021.06.02-09.08.27:734][  0]LogConfig: Setting CVar [[r.SkyAtmosphere.TransmittanceLUT.UseSmallFormat:0]]
[2021.06.02-09.08.27:734][  0]LogConfig: Setting CVar [[r.SkyAtmosphere.TransmittanceLUT.SampleCount:10.0]]
[2021.06.02-09.08.27:734][  0]LogConfig: Setting CVar [[r.SkyAtmosphere.MultiScatteringLUT.SampleCount:15.0]]
[2021.06.02-09.08.27:734][  0]LogConfig: Applying CVar settings from Section [FoliageQuality@3] File [C:/Users/AsmundLaptop/Documents/Unreal Projects/FPSTemplateWithShootingAI/Saved/Config/Windows/Scalability.ini]
[2021.06.02-09.08.27:734][  0]LogConfig: Setting CVar [[foliage.DensityScale:1.0]]
[2021.06.02-09.08.27:734][  0]LogConfig: Setting CVar [[grass.DensityScale:1.0]]
[2021.06.02-09.08.27:734][  0]LogConfig: Applying CVar settings from Section [ShadingQuality@3] File [C:/Users/AsmundLaptop/Documents/Unreal Projects/FPSTemplateWithShootingAI/Saved/Config/Windows/Scalability.ini]
[2021.06.02-09.08.27:734][  0]LogConfig: Setting CVar [[r.HairStrands.SkyLighting.SampleCount:16]]
[2021.06.02-09.08.27:734][  0]LogConfig: Setting CVar [[r.HairStrands.SkyLighting.JitterIntegration:0]]
[2021.06.02-09.08.27:734][  0]LogConfig: Setting CVar [[r.HairStrands.SkyAO.SampleCount:16]]
[2021.06.02-09.08.27:734][  0]LogConfig: Setting CVar [[r.HairStrands.DeepShadow.SuperSampling:0]]
[2021.06.02-09.08.27:734][  0]LogConfig: Setting CVar [[r.HairStrands.VisibilityPPLL:0]]
[2021.06.02-09.08.27:734][  0]LogConfig: Setting CVar [[r.HairStrands.RasterizationScale:0.5]]
[2021.06.02-09.08.27:734][  0]LogConfig: Setting CVar [[r.HairStrands.VelocityRasterizationScale:1]]
[2021.06.02-09.08.27:734][  0]LogConfig: Applying CVar settings from Section [Startup] File [../../../Engine/Config/ConsoleVariables.ini]
[2021.06.02-09.08.27:734][  0]LogConfig: Setting CVar [[net.UseAdaptiveNetUpdateFrequency:0]]
[2021.06.02-09.08.27:734][  0]LogConfig: Setting CVar [[p.chaos.AllowCreatePhysxBodies:1]]
[2021.06.02-09.08.27:734][  0]LogConfig: Setting CVar [[fx.SkipVectorVMBackendOptimizations:1]]
[2021.06.02-09.08.27:734][  0]LogConfig: Applying CVar settings from Section [ConsoleVariables] File [C:/Users/AsmundLaptop/Documents/Unreal Projects/FPSTemplateWithShootingAI/Saved/Config/Windows/Engine.ini]
[2021.06.02-09.08.27:734][  0]LogInit: Computer: DESKTOP-59UFLLP
[2021.06.02-09.08.27:734][  0]LogInit: User: AsmundLaptop
[2021.06.02-09.08.27:734][  0]LogInit: CPU Page size=4096, Cores=8
[2021.06.02-09.08.27:734][  0]LogInit: High frequency timer resolution =10.000000 MHz
[2021.06.02-09.08.27:735][  0]LogMemory: Memory total: Physical=15.9GB (16GB approx)
[2021.06.02-09.08.27:735][  0]LogMemory: Platform Memory Stats for Windows
[2021.06.02-09.08.27:735][  0]LogMemory: Process Physical Memory: 120.01 MB used, 120.01 MB peak
[2021.06.02-09.08.27:735][  0]LogMemory: Process Virtual Memory: 112.30 MB used, 112.30 MB peak
[2021.06.02-09.08.27:735][  0]LogMemory: Physical Memory: 7842.82 MB used,  8390.60 MB free, 16233.42 MB total
[2021.06.02-09.08.27:735][  0]LogMemory: Virtual Memory: 5201.36 MB used,  134212528.00 MB free, 134217728.00 MB total
[2021.06.02-09.08.27:738][  0]LogWindows: WindowsPlatformFeatures enabled
[2021.06.02-09.08.27:771][  0]LogInit: Physics initialised using underlying interface: PhysX
[2021.06.02-09.08.27:771][  0]LogInit: Using OS detected language (en-US).
[2021.06.02-09.08.27:771][  0]LogInit: Using OS detected locale (en-US).
[2021.06.02-09.08.27:774][  0]LogTextLocalizationManager: No specific localization for 'en-US' exists, so the 'en' localization will be used.
[2021.06.02-09.08.27:910][  0]LogInit: Setting process to per monitor DPI aware
[2021.06.02-09.08.27:986][  0]LogSlate: New Slate User Created.  User Index 0, Is Virtual User: 0
[2021.06.02-09.08.27:986][  0]LogSlate: Slate User Registered.  User Index 0, Is Virtual User: 0
[2021.06.02-09.08.28:109][  0]LogHMD: Failed to initialize OpenVR with code 110
[2021.06.02-09.08.28:109][  0]LogD3D11RHI: D3D11 min allowed feature level: 11_0
[2021.06.02-09.08.28:109][  0]LogD3D11RHI: D3D11 max allowed feature level: 11_0
[2021.06.02-09.08.28:109][  0]LogD3D11RHI: D3D11 adapters:
[2021.06.02-09.08.28:262][  0]LogD3D11RHI:    0. 'NVIDIA GeForce RTX 2070' (Feature Level 11_0)
[2021.06.02-09.08.28:262][  0]LogD3D11RHI:       8031/0/8116 MB DedicatedVideo/DedicatedSystem/SharedSystem, Outputs:1, VendorId:0x10de
[2021.06.02-09.08.28:326][  0]LogD3D11RHI:    1. 'Intel(R) UHD Graphics 630' (Feature Level 11_0)
[2021.06.02-09.08.28:326][  0]LogD3D11RHI:       128/0/8116 MB DedicatedVideo/DedicatedSystem/SharedSystem, Outputs:0, VendorId:0x8086
[2021.06.02-09.08.28:328][  0]LogD3D11RHI:    2. 'Microsoft Basic Render Driver' (Feature Level 11_0)
[2021.06.02-09.08.28:328][  0]LogD3D11RHI:       0/0/8116 MB DedicatedVideo/DedicatedSystem/SharedSystem, Outputs:0, VendorId:0x1414
[2021.06.02-09.08.28:328][  0]LogD3D11RHI: Chosen D3D11 Adapter: 0
[2021.06.02-09.08.28:338][  0]LogD3D11RHI: Creating new Direct3DDevice
[2021.06.02-09.08.28:338][  0]LogD3D11RHI:     GPU DeviceId: 0x1f10 (for the marketing name, search the web for "GPU Device Id")
[2021.06.02-09.08.28:338][  0]LogWindows: EnumDisplayDevices:
[2021.06.02-09.08.28:338][  0]LogWindows:    0. 'Intel(R) UHD Graphics 630' (P:0 D:0)
[2021.06.02-09.08.28:338][  0]LogWindows:    1. 'Intel(R) UHD Graphics 630' (P:0 D:0)
[2021.06.02-09.08.28:339][  0]LogWindows:    2. 'Intel(R) UHD Graphics 630' (P:0 D:0)
[2021.06.02-09.08.28:339][  0]LogWindows:    3. 'NVIDIA GeForce RTX 2070' (P:1 D:1)
[2021.06.02-09.08.28:339][  0]LogWindows:    4. 'NVIDIA GeForce RTX 2070' (P:0 D:0)
[2021.06.02-09.08.28:339][  0]LogWindows:    5. 'NVIDIA GeForce RTX 2070' (P:0 D:0)
[2021.06.02-09.08.28:339][  0]LogWindows:    6. 'NVIDIA GeForce RTX 2070' (P:0 D:0)
[2021.06.02-09.08.28:339][  0]LogWindows: DebugString: PrimaryIsNotTheChoosenAdapter PrimaryIsNotTheChoosenAdapter PrimaryIsNotTheChoosenAdapter FoundDriverCount:4 
[2021.06.02-09.08.28:339][  0]LogD3D11RHI:     Adapter Name: NVIDIA GeForce RTX 2070
[2021.06.02-09.08.28:339][  0]LogD3D11RHI:   Driver Version: 462.59 (internal:27.21.14.6259, unified:462.59)
[2021.06.02-09.08.28:339][  0]LogD3D11RHI:      Driver Date: 5-6-2021
[2021.06.02-09.08.28:339][  0]LogRHI: Texture pool is 5621 MB (70% of 8031 MB)
[2021.06.02-09.08.28:438][  0]LogD3D11RHI: RHI has support for 64 bit atomics
[2021.06.02-09.08.28:438][  0]LogD3D11RHI: Async texture creation enabled
[2021.06.02-09.08.28:438][  0]LogD3D11RHI: Array index from any shader is supported
[2021.06.02-09.08.28:439][  0]LogD3D11RHI: HDR output is supported on display 0 (NvId: 0x80061081).
[2021.06.02-09.08.28:461][  0]LogD3D11RHI: GPU Timing Frequency: 1000.000000 (Debug: 2 2)
[2021.06.02-09.08.28:701][  0]LogTargetPlatformManager: Display: Loaded TargetPlatform 'AllDesktop'
[2021.06.02-09.08.28:718][  0]LogTargetPlatformManager: Display: Loaded TargetPlatform 'Android'
[2021.06.02-09.08.28:718][  0]LogTargetPlatformManager: Display: Loaded TargetPlatform 'Android_ASTC'
[2021.06.02-09.08.28:718][  0]LogTargetPlatformManager: Display: Loaded TargetPlatform 'Android_DXT'
[2021.06.02-09.08.28:718][  0]LogTargetPlatformManager: Display: Loaded TargetPlatform 'Android_ETC2'
[2021.06.02-09.08.28:718][  0]LogTargetPlatformManager: Display: Loaded TargetPlatform 'AndroidClient'
[2021.06.02-09.08.28:718][  0]LogTargetPlatformManager: Display: Loaded TargetPlatform 'Android_ASTCClient'
[2021.06.02-09.08.28:718][  0]LogTargetPlatformManager: Display: Loaded TargetPlatform 'Android_DXTClient'
[2021.06.02-09.08.28:718][  0]LogTargetPlatformManager: Display: Loaded TargetPlatform 'Android_ETC2Client'
[2021.06.02-09.08.28:718][  0]LogTargetPlatformManager: Display: Loaded TargetPlatform 'Android_Multi'
[2021.06.02-09.08.28:718][  0]LogTargetPlatformManager: Display: Loaded TargetPlatform 'Android_MultiClient'
[2021.06.02-09.08.28:739][  0]LogTargetPlatformManager: Display: Loaded TargetPlatform 'IOSClient'
[2021.06.02-09.08.28:739][  0]LogTargetPlatformManager: Display: Loaded TargetPlatform 'IOS'
[2021.06.02-09.08.28:750][  0]LogTargetPlatformManager: Display: Loaded TargetPlatform 'Linux'
[2021.06.02-09.08.28:758][  0]LogTargetPlatformManager: Display: Loaded TargetPlatform 'LinuxNoEditor'
[2021.06.02-09.08.28:766][  0]LogTargetPlatformManager: Display: Loaded TargetPlatform 'LinuxClient'
[2021.06.02-09.08.28:774][  0]LogTargetPlatformManager: Display: Loaded TargetPlatform 'LinuxServer'
[2021.06.02-09.08.28:783][  0]LogTargetPlatformManager: Display: Loaded TargetPlatform 'LinuxAArch64NoEditor'
[2021.06.02-09.08.28:791][  0]LogTargetPlatformManager: Display: Loaded TargetPlatform 'LinuxAArch64Client'
[2021.06.02-09.08.28:800][  0]LogTargetPlatformManager: Display: Loaded TargetPlatform 'LinuxAArch64Server'
[2021.06.02-09.08.28:826][  0]LogTargetPlatformManager: Display: Loaded TargetPlatform 'Lumin'
[2021.06.02-09.08.28:826][  0]LogTargetPlatformManager: Display: Loaded TargetPlatform 'LuminClient'
[2021.06.02-09.08.28:842][  0]LogTargetPlatformManager: Display: Loaded TargetPlatform 'TVOSClient'
[2021.06.02-09.08.28:842][  0]LogTargetPlatformManager: Display: Loaded TargetPlatform 'TVOS'
[2021.06.02-09.08.28:850][  0]LogTargetPlatformManager: Display: Loaded TargetPlatform 'WindowsNoEditor'
[2021.06.02-09.08.28:861][  0]LogTargetPlatformManager: Display: Loaded TargetPlatform 'Windows'
[2021.06.02-09.08.28:870][  0]LogTargetPlatformManager: Display: Loaded TargetPlatform 'WindowsClient'
[2021.06.02-09.08.28:879][  0]LogTargetPlatformManager: Display: Loaded TargetPlatform 'WindowsServer'
[2021.06.02-09.08.28:879][  0]LogTargetPlatformManager: Display: Building Assets For Windows
[2021.06.02-09.08.28:884][  0]LogAudioDebug: Display: Lib vorbis DLL was dynamically loaded.
[2021.06.02-09.08.28:935][  0]LogShaderCompilers: Guid format shader working directory is -36 characters bigger than the processId version (../../../../../../Users/AsmundLaptop/Documents/Unreal Projects/FPSTemplateWithShootingAI/Intermediate/Shaders/WorkingDirectory/18592/).
[2021.06.02-09.08.28:935][  0]LogShaderCompilers: Cleaned the shader compiler working directory 'C:/Users/AsmundLaptop/AppData/Local/Temp/UnrealShaderWorkingDir/79DF707B4995A36D018B779CC7A3AA3D/'.
[2021.06.02-09.08.28:935][  0]LogXGEController: Cannot use XGE Controller as Incredibuild is not installed on this machine.
[2021.06.02-09.08.28:935][  0]LogShaderCompilers: Cannot use XGE Shader Compiler as Incredibuild is not installed on this machine.
[2021.06.02-09.08.28:935][  0]LogShaderCompilers: Display: Using Local Shader Compiler.
[2021.06.02-09.08.29:653][  0]LogDerivedDataCache: Display: Max Cache Size: 512 MB
[2021.06.02-09.08.29:705][  0]LogDerivedDataCache: Loaded boot cache 0.05s 76MB C:/Users/AsmundLaptop/AppData/Local/UnrealEngine/4.25/DerivedDataCache/Boot.ddc.
[2021.06.02-09.08.29:705][  0]LogDerivedDataCache: Display: Loaded Boot cache: C:/Users/AsmundLaptop/AppData/Local/UnrealEngine/4.25/DerivedDataCache/Boot.ddc
[2021.06.02-09.08.29:705][  0]LogDerivedDataCache: FDerivedDataBackendGraph:  Pak pak cache file ../../../../../../Users/AsmundLaptop/Documents/Unreal Projects/FPSTemplateWithShootingAI/DerivedDataCache/DDC.ddp not found, will not use a pak cache.
[2021.06.02-09.08.29:705][  0]LogDerivedDataCache: Unable to find inner node Pak for hierarchical cache Hierarchy.
[2021.06.02-09.08.29:705][  0]LogDerivedDataCache: FDerivedDataBackendGraph:  CompressedPak pak cache file ../../../../../../Users/AsmundLaptop/Documents/Unreal Projects/FPSTemplateWithShootingAI/DerivedDataCache/Compressed.ddp not found, will not use a pak cache.
[2021.06.02-09.08.29:705][  0]LogDerivedDataCache: Unable to find inner node CompressedPak for hierarchical cache Hierarchy.
[2021.06.02-09.08.29:714][  0]LogDerivedDataCache: Display: Pak cache opened for reading ../../../Engine/DerivedDataCache/Compressed.ddp.
[2021.06.02-09.08.29:714][  0]LogDerivedDataCache: FDerivedDataBackendGraph:  EnterprisePak pak cache file ../../../Enterprise/DerivedDataCache/Compressed.ddp not found, will not use a pak cache.
[2021.06.02-09.08.29:714][  0]LogDerivedDataCache: Unable to find inner node EnterprisePak for hierarchical cache Hierarchy.
[2021.06.02-09.08.29:715][  0]LogDerivedDataCache: Using Local data cache path C:/Users/AsmundLaptop/AppData/Local/UnrealEngine/Common/DerivedDataCache: Writable
[2021.06.02-09.08.29:715][  0]LogDerivedDataCache: Shared data cache path not found in *engine.ini, will not use an Shared cache.
[2021.06.02-09.08.29:715][  0]LogDerivedDataCache: Unable to find inner node Shared for hierarchical cache Hierarchy.
[2021.06.02-09.08.29:760][  0]LogSlate: Using FreeType 2.10.0
[2021.06.02-09.08.29:761][  0]LogSlate: SlateFontServices - WITH_FREETYPE: 1, WITH_HARFBUZZ: 1
[2021.06.02-09.08.29:789][  0]LogAssetRegistry: FAssetRegistry took 0.0025 seconds to start up
[2021.06.02-09.08.29:995][  0]LogInit: Selected Device Profile: [Windows]
[2021.06.02-09.08.30:094][  0]LogMeshReduction: Using QuadricMeshReduction for automatic static mesh reduction
[2021.06.02-09.08.30:094][  0]LogMeshReduction: Using SimplygonMeshReduction for automatic skeletal mesh reduction
[2021.06.02-09.08.30:094][  0]LogMeshReduction: Using ProxyLODMeshReduction for automatic mesh merging
[2021.06.02-09.08.30:094][  0]LogMeshReduction: No distributed automatic mesh merging module available
[2021.06.02-09.08.30:094][  0]LogMeshMerging: No distributed automatic mesh merging module available
[2021.06.02-09.08.30:149][  0]LogNetVersion: FPSTemplateWithShootingAI 1.0.0, NetCL: 13144385, EngineNetVer: 14, GameNetVer: 0 (Checksum: 355357009)
[2021.06.02-09.08.30:585][  0]LogAISub: UAISubsystem::UAISubsystem AISubsystem (0000015C9CCDDBC0), frame # 0
[2021.06.02-09.08.30:585][  0]LogAISub: UAISubsystem::UAISubsystem AIPerceptionSystem (0000015C9CC3AAC0), frame # 0
[2021.06.02-09.08.30:586][  0]LogAISub: UAISubsystem::UAISubsystem EnvQueryManager (0000015C9CC81E00), frame # 0
[2021.06.02-09.08.30:624][  0]LogPackageLocalizationCache: Processed 19 localized package path(s) for 1 prioritized culture(s) in 0.032162 seconds
[2021.06.02-09.08.30:627][  0]LogUObjectArray: 15917 objects as part of root set at end of initial load.
[2021.06.02-09.08.30:627][  0]LogUObjectAllocator: 3965568 out of 0 bytes used by permanent object pool.
[2021.06.02-09.08.30:627][  0]LogUObjectArray: CloseDisregardForGC: 0/0 objects in disregard for GC pool
[2021.06.02-09.08.30:877][  0]LogTcpMessaging: Initializing TcpMessaging bridge
[2021.06.02-09.08.30:880][  0]LogUdpMessaging: Initializing bridge on interface 0.0.0.0:0 to multicast group 230.0.0.1:6666.
[2021.06.02-09.08.30:947][  0]SourceControl: Source control is disabled
[2021.06.02-09.08.30:947][  0]SourceControl: Source control is disabled
[2021.06.02-09.08.30:949][  0]SourceControl: Source control is disabled
[2021.06.02-09.08.30:951][  0]SourceControl: Source control is disabled
[2021.06.02-09.08.30:955][  0]SourceControl: Source control is disabled
[2021.06.02-09.08.31:161][  0]LogAndroidPermission: UAndroidPermissionCallbackProxy::GetInstance
[2021.06.02-09.08.31:176][  0]LogAudioCaptureCore: Display: No Audio Capture implementations found. Audio input will be silent.
[2021.06.02-09.08.31:176][  0]LogAudioCaptureCore: Display: No Audio Capture implementations found. Audio input will be silent.
[2021.06.02-09.08.31:220][  0]LogOcInput: OculusInput pre-init called
[2021.06.02-09.08.31:232][  0]LogWindows: Failed to load 'OVRPlugin.dll' (GetLastError=126)
[2021.06.02-09.08.31:232][  0]LogWindows: File 'OVRPlugin.dll' does not exist
[2021.06.02-09.08.31:291][  0]LogEngine: Initializing Engine...
[2021.06.02-09.08.31:292][  0]LogHMD: Failed to initialize OpenVR with code 110
[2021.06.02-09.08.31:292][  0]LogMagicLeap: Warning: VR disabled because ZI is not enabled.  To enable, in the editor, Edit -> Project Settings -> Plugins -> Magic Leap Plugin -> Enable Zero Iteration
[2021.06.02-09.08.31:292][  0]LogStats: UGameplayTagsManager::InitializeManager -  0.000 s
[2021.06.02-09.08.31:408][  0]LogInit: Initializing FReadOnlyCVARCache
[2021.06.02-09.08.31:415][  0]LogAIModule: Creating AISystem for world Untitled
[2021.06.02-09.08.31:415][  0]LogAISub: UAISubsystem::UAISubsystem EnvQueryManager (0000015C9FDF6600), frame # 0
[2021.06.02-09.08.31:415][  0]LogAISub: UAISubsystem::UAISubsystem AIPerceptionSystem (0000015C9FE35F80), frame # 0
[2021.06.02-09.08.31:431][  0]LogAudioMixer: Display: Audio Mixer Platform Settings:
[2021.06.02-09.08.31:431][  0]LogAudioMixer: Display: 	Sample Rate:						  48000
[2021.06.02-09.08.31:431][  0]LogAudioMixer: Display: 	Callback Buffer Frame Size Requested: 1024
[2021.06.02-09.08.31:431][  0]LogAudioMixer: Display: 	Callback Buffer Frame Size To Use:	  1024
[2021.06.02-09.08.31:431][  0]LogAudioMixer: Display: 	Number of buffers to queue:			  2
[2021.06.02-09.08.31:431][  0]LogAudioMixer: Display: 	Max Channels (voices):				  32
[2021.06.02-09.08.31:431][  0]LogAudioMixer: Display: 	Number of Async Source Workers:		  0
[2021.06.02-09.08.31:431][  0]LogAudio: Display: AudioDevice MaxSources: 32
[2021.06.02-09.08.31:432][  0]LogAudio: Display: Using built-in audio occlusion.
[2021.06.02-09.08.31:432][  0]LogAudioMixer: Display: Initializing audio mixer.
[2021.06.02-09.08.31:444][  0]LogAudioMixer: Display: 0: FrontLeft
[2021.06.02-09.08.31:444][  0]LogAudioMixer: Display: 1: FrontRight
[2021.06.02-09.08.31:532][  0]LogAudioMixer: Display: Using Audio Device Headphones (ROG Headset)
[2021.06.02-09.08.31:540][  0]LogAudioMixer: Display: Initializing Sound Submixes...
[2021.06.02-09.08.31:544][  0]LogAudioMixer: Display: Creating Master Submix 'MasterSubmixDefault'
[2021.06.02-09.08.31:544][  0]LogAudioMixer: Display: Creating Master Submix 'MasterReverbSubmixDefault'
[2021.06.02-09.08.31:546][  0]LogAudioMixer: Display: Creating Master Submix 'MasterEQSubmixDefault'
[2021.06.02-09.08.31:548][  0]LogInit: FAudioDevice initialized.
[2021.06.02-09.08.31:548][  0]LogNetVersion: Set ProjectVersion to 1.0.0.0. Version Checksum will be recalculated on next use.
[2021.06.02-09.08.31:599][  0]LogDerivedDataCache: Saved boot cache 0.05s 76MB C:/Users/AsmundLaptop/AppData/Local/UnrealEngine/4.25/DerivedDataCache/Boot.ddc.
[2021.06.02-09.08.31:601][  0]LogInit: Texture streaming: Enabled
[2021.06.02-09.08.31:613][  0]LogEngineSessionManager: EngineSessionManager initialized
[2021.06.02-09.08.31:613][  0]LogEditorSessionSummary: Verbose: Initializing EditorSessionSummaryWriter for editor session tracking
[2021.06.02-09.08.31:614][  0]LogEditorSessionSummary: EditorSessionSummaryWriter initialized
[2021.06.02-09.08.31:654][  0]LogInit: Transaction tracking system initialized
[2021.06.02-09.08.31:670][  0]BlueprintLog: New page: Editor Load
[2021.06.02-09.08.31:722][  0]LocalizationService: Localization service is disabled
[2021.06.02-09.08.31:842][  0]LogCook: Display: Max memory allowance for cook 16384mb min free memory 0mb
[2021.06.02-09.08.31:842][  0]LogCook: Display: Mobile HDR setting 1
[2021.06.02-09.08.31:943][  0]LogFileCache: Scanning file cache for directory 'C:/Users/AsmundLaptop/Documents/Unreal Projects/FPSTemplateWithShootingAI/Content/' took 0.01s
[2021.06.02-09.08.32:175][  0]SourceControl: Source control is disabled
[2021.06.02-09.08.32:175][  0]LogUnrealEdMisc: Loading editor; pre map load, took 5.739
[2021.06.02-09.08.32:175][  0]Cmd: MAP LOAD FILE="../../../../../../Users/AsmundLaptop/Documents/Unreal Projects/FPSTemplateWithShootingAI/Content/Game/Maps/FirstPersonExampleMap.umap" TEMPLATE=0 SHOWPROGRESS=1 FEATURELEVEL=3
[2021.06.02-09.08.32:175][  0]LightingResults: New page: Lighting Build
[2021.06.02-09.08.32:176][  0]LogWorld: UWorld::CleanupWorld for Untitled, bSessionEnded=true, bCleanupResources=true
[2021.06.02-09.08.32:176][  0]LogSlate: InvalidateAllWidgets triggered.  All widgets were invalidated
[2021.06.02-09.08.32:176][  0]MapCheck: New page: Map Check
[2021.06.02-09.08.32:176][  0]LightingResults: New page: Lighting Build
[2021.06.02-09.08.32:189][  0]LogAISub: UAISubsystem::~UAISubsystem EnvQueryManager (0000015C9FDF6600), frame # 0
[2021.06.02-09.08.32:189][  0]LogAISub: UAISubsystem::~UAISubsystem AIPerceptionSystem (0000015C9FE35F80), frame # 0
[2021.06.02-09.08.32:190][  0]LogUObjectHash: Compacting FUObjectHashTables data took   0.59ms
[2021.06.02-09.08.32:239][  0]LogBlueprint: Warning: [Compiler Ue4ASP_Character] InputAction Event references unknown Action 'Crouch' for  InputAction Crouch
[2021.06.02-09.08.32:620][  0]LogStaticMesh: Building static mesh FirstPersonProjectileMesh...
[2021.06.02-09.08.32:623][  0]LogStaticMesh: Built static mesh [0.00s] /Game/Game/Assets/FirstPerson/Meshes/FirstPersonProjectileMesh.FirstPersonProjectileMesh
[2021.06.02-09.08.32:680][  0]LogAIModule: Creating AISystem for world FirstPersonExampleMap
[2021.06.02-09.08.32:680][  0]LogAISub: UAISubsystem::UAISubsystem EnvQueryManager (0000015C927B7E00), frame # 0
[2021.06.02-09.08.32:680][  0]LogAISub: UAISubsystem::UAISubsystem AIPerceptionSystem (0000015C8DF70B80), frame # 0
[2021.06.02-09.08.32:700][  0]LogEditorServer: Finished looking for orphan Actors (0.000 secs)
[2021.06.02-09.08.32:715][  0]LogUObjectHash: Compacting FUObjectHashTables data took   0.87ms
[2021.06.02-09.08.32:717][  0]Cmd: MAP CHECKDEP NOCLEARLOG
[2021.06.02-09.08.32:717][  0]MapCheck: Map check complete: 0 Error(s), 0 Warning(s), took 0.196ms to complete.
[2021.06.02-09.08.32:718][  0]LogFileHelpers: Loading map 'FirstPersonExampleMap' took 0.543
[2021.06.02-09.08.32:719][  0]LogUnrealEdMisc: Total Editor Startup Time, took 6.283
[2021.06.02-09.08.32:867][  0]LogSlate: Updating window title bar state: overlay mode, drag disabled, window buttons hidden, title bar hidden
[2021.06.02-09.08.32:872][  0]LogSlate: Updating window title bar state: overlay mode, drag disabled, window buttons hidden, title bar hidden
[2021.06.02-09.08.32:878][  0]LogSlate: Updating window title bar state: overlay mode, drag disabled, window buttons hidden, title bar hidden
[2021.06.02-09.08.32:883][  0]LogSlate: Updating window title bar state: overlay mode, drag disabled, window buttons hidden, title bar hidden
[2021.06.02-09.08.32:888][  0]LogCollectionManager: Loaded 0 collections in 0.001199 seconds
[2021.06.02-09.08.32:901][  0]LogFileCache: Scanning file cache for directory 'C:/Users/AsmundLaptop/Documents/Unreal Projects/FPSTemplateWithShootingAI/Saved/Collections/' took 0.00s
[2021.06.02-09.08.32:901][  0]LogFileCache: Scanning file cache for directory 'C:/Users/AsmundLaptop/Documents/Unreal Projects/FPSTemplateWithShootingAI/Content/Developers/AsmundLaptop/Collections/' took 0.00s
[2021.06.02-09.08.32:901][  0]LogFileCache: Scanning file cache for directory 'C:/Users/AsmundLaptop/Documents/Unreal Projects/FPSTemplateWithShootingAI/Content/Collections/' took 0.00s
[2021.06.02-09.08.32:901][  0]LogContentBrowser: Native class hierarchy populated in 0.0078 seconds. Added 3427 classes and 821 folders.
[2021.06.02-09.08.32:905][  0]LogContentBrowser: Native class hierarchy updated for 'WidgetCarousel' in 0.0002 seconds. Added 0 classes and 0 folders.
[2021.06.02-09.08.32:944][  0]LogContentBrowser: Native class hierarchy updated for 'AddContentDialog' in 0.0002 seconds. Added 0 classes and 0 folders.
[2021.06.02-09.08.32:949][  0]LogContentBrowser: Native class hierarchy updated for 'SceneOutliner' in 0.0002 seconds. Added 2 classes and 0 folders.
[2021.06.02-09.08.32:972][  0]LogContentBrowser: Native class hierarchy updated for 'HierarchicalLODOutliner' in 0.0003 seconds. Added 0 classes and 0 folders.
[2021.06.02-09.08.32:972][  0]LogLoad: (Engine Initialization) Total time: 6.54 seconds
[2021.06.02-09.08.32:972][  0]LogLoad: (Engine Initialization) Total Blueprint compile time: 0.00 seconds
[2021.06.02-09.08.33:018][  0]LogAssetRegistry: Asset discovery search completed in 3.2287 seconds
[2021.06.02-09.08.33:021][  0]LogCollectionManager: Fixed up redirectors for 0 collections in 0.000002 seconds (updated 0 objects)
[2021.06.02-09.08.33:021][  0]LogContentStreaming: Texture pool size now 1000 MB
[2021.06.02-09.08.33:028][  0]LogSlate: Took 0.000115 seconds to synchronously load lazily loaded font '../../../Engine/Content/Slate/Fonts/Roboto-Regular.ttf' (155K)
[2021.06.02-09.08.33:030][  0]LogSlate: Took 0.000090 seconds to synchronously load lazily loaded font '../../../Engine/Content/Slate/Fonts/Roboto-Bold.ttf' (160K)
[2021.06.02-09.08.33:032][  0]LogSlate: Took 0.000077 seconds to synchronously load lazily loaded font '../../../Engine/Content/Editor/Slate/Fonts/FontAwesome.ttf' (139K)
[2021.06.02-09.08.33:034][  0]LogSlate: Took 0.000077 seconds to synchronously load lazily loaded font '../../../Engine/Content/Slate/Fonts/Roboto-Light.ttf' (167K)
[2021.06.02-09.08.33:160][  0]LogSlate: Took 0.000158 seconds to synchronously load lazily loaded font '../../../Engine/Content/Slate/Fonts/Roboto-Light.ttf' (167K)
[2021.06.02-09.08.33:192][  0]LogRenderer: Reallocating scene render targets to support 1256x584 Format 10 NumSamples 1 (Frame:1).
[2021.06.02-09.08.37:397][246]LogTemp: Repeating last play command: Selected Viewport
[2021.06.02-09.08.37:410][246]LogPlayLevel: PlayLevel: No blueprints needed recompiling
[2021.06.02-09.08.37:411][246]PIE: New page: PIE session: FirstPersonExampleMap (Jun 2, 2021, 1:08:37 PM)
[2021.06.02-09.08.37:412][246]LogOnline: OSS: Creating online subsystem instance for: NULL
[2021.06.02-09.08.37:413][246]LogOnline: OSS: TryLoadSubsystemAndSetDefault: Loaded subsystem for module [NULL]
[2021.06.02-09.08.37:413][246]LogPlayLevel: Creating play world package: /Game/Game/Maps/UEDPIE_0_FirstPersonExampleMap
[2021.06.02-09.08.37:429][246]LogPlayLevel: PIE: StaticDuplicateObject took: (0.015477s)
[2021.06.02-09.08.37:430][246]LogAIModule: Creating AISystem for world FirstPersonExampleMap
[2021.06.02-09.08.37:430][246]LogAISub: UAISubsystem::UAISubsystem EnvQueryManager (0000015CBA323E00), frame # 246
[2021.06.02-09.08.37:430][246]LogAISub: UAISubsystem::UAISubsystem AIPerceptionSystem (0000015C91E6CCC0), frame # 246
[2021.06.02-09.08.37:430][246]LogPlayLevel: PIE: World Init took: (0.001212s)
[2021.06.02-09.08.37:430][246]LogPlayLevel: PIE: Created PIE world by copying editor world from /Game/Game/Maps/FirstPersonExampleMap.FirstPersonExampleMap to /Game/Game/Maps/UEDPIE_0_FirstPersonExampleMap.FirstPersonExampleMap (0.016808s)
[2021.06.02-09.08.37:451][246]LogUObjectHash: Compacting FUObjectHashTables data took   0.92ms
[2021.06.02-09.08.37:453][246]LogAudioMixer: Display: Audio Mixer Platform Settings:
[2021.06.02-09.08.37:453][246]LogAudioMixer: Display: 	Sample Rate:						  48000
[2021.06.02-09.08.37:453][246]LogAudioMixer: Display: 	Callback Buffer Frame Size Requested: 1024
[2021.06.02-09.08.37:453][246]LogAudioMixer: Display: 	Callback Buffer Frame Size To Use:	  1024
[2021.06.02-09.08.37:453][246]LogAudioMixer: Display: 	Number of buffers to queue:			  2
[2021.06.02-09.08.37:453][246]LogAudioMixer: Display: 	Max Channels (voices):				  32
[2021.06.02-09.08.37:453][246]LogAudioMixer: Display: 	Number of Async Source Workers:		  0
[2021.06.02-09.08.37:453][246]LogAudio: Display: AudioDevice MaxSources: 32
[2021.06.02-09.08.37:453][246]LogAudio: Display: Using built-in audio occlusion.
[2021.06.02-09.08.37:453][246]LogAudioMixer: Display: Initializing audio mixer.
[2021.06.02-09.08.37:455][246]LogAudioMixer: Display: 0: FrontLeft
[2021.06.02-09.08.37:455][246]LogAudioMixer: Display: 1: FrontRight
[2021.06.02-09.08.37:465][246]LogAudioMixer: Display: Using Audio Device Headphones (ROG Headset)
[2021.06.02-09.08.37:466][246]LogAudioMixer: Display: Initializing Sound Submixes...
[2021.06.02-09.08.37:466][246]LogAudioMixer: Display: Creating Master Submix 'MasterSubmixDefault'
[2021.06.02-09.08.37:466][246]LogAudioMixer: Display: Creating Master Submix 'MasterReverbSubmixDefault'
[2021.06.02-09.08.37:466][246]LogAudioMixer: Display: Creating Master Submix 'MasterEQSubmixDefault'
[2021.06.02-09.08.37:477][246]LogInit: FAudioDevice initialized.
[2021.06.02-09.08.37:485][246]LogLoad: Game class is 'FirstPersonGameMode_C'
[2021.06.02-09.08.37:489][246]LogWorld: Bringing World /Game/Game/Maps/UEDPIE_0_FirstPersonExampleMap.FirstPersonExampleMap up for play (max tick rate 60) at 2021.06.02-11.08.37
[2021.06.02-09.08.37:490][246]LogWorld: Bringing up level for play took: 0.004503
[2021.06.02-09.08.37:491][246]LogOnline: OSS: Creating online subsystem instance for: :Context_1
[2021.06.02-09.08.37:493][246]LogContentBrowser: Native class hierarchy updated for 'MovieSceneCapture' in 0.0003 seconds. Added 20 classes and 0 folders.
[2021.06.02-09.08.37:496][246]PIE: Server logged in
[2021.06.02-09.08.37:498][246]PIE: Play in editor total start time 0.088 seconds.
[2021.06.02-09.08.46:403][777]LogNet: Browse: /Game/Game/Maps/FirstPersonExampleMap
[2021.06.02-09.08.46:403][777]LogLoad: LoadMap: /Game/Game/Maps/FirstPersonExampleMap
[2021.06.02-09.08.46:403][777]LogWorld: BeginTearingDown for /Game/Game/Maps/UEDPIE_0_FirstPersonExampleMap
[2021.06.02-09.08.46:404][777]LogWorld: UWorld::CleanupWorld for FirstPersonExampleMap, bSessionEnded=true, bCleanupResources=true
[2021.06.02-09.08.46:404][777]LogSlate: InvalidateAllWidgets triggered.  All widgets were invalidated
[2021.06.02-09.08.46:449][777]LogAISub: UAISubsystem::~UAISubsystem AIPerceptionSystem (0000015C91E6CCC0), frame # 777
[2021.06.02-09.08.46:449][777]LogAISub: UAISubsystem::~UAISubsystem EnvQueryManager (0000015CBA323E00), frame # 777
[2021.06.02-09.08.46:450][777]LogUObjectHash: Compacting FUObjectHashTables data took   0.67ms
[2021.06.02-09.08.46:453][777]LogPlayLevel: Creating play world package: /Game/Game/Maps/UEDPIE_0_FirstPersonExampleMap
[2021.06.02-09.08.46:465][777]LogPlayLevel: PIE: StaticDuplicateObject took: (0.012075s)
[2021.06.02-09.08.46:466][777]LogAIModule: Creating AISystem for world FirstPersonExampleMap
[2021.06.02-09.08.46:466][777]LogAISub: UAISubsystem::UAISubsystem EnvQueryManager (0000015CCDC6E600), frame # 777
[2021.06.02-09.08.46:467][777]LogAISub: UAISubsystem::UAISubsystem AIPerceptionSystem (0000015C91E6CF40), frame # 777
[2021.06.02-09.08.46:467][777]LogPlayLevel: PIE: World Init took: (0.001809s)
[2021.06.02-09.08.46:467][777]LogPlayLevel: PIE: Created PIE world by copying editor world from /Game/Game/Maps/FirstPersonExampleMap.FirstPersonExampleMap to /Game/Game/Maps/UEDPIE_0_FirstPersonExampleMap.FirstPersonExampleMap (0.014118s)
[2021.06.02-09.08.46:467][777]LogLoad: Game class is 'FirstPersonGameMode_C'
[2021.06.02-09.08.46:495][777]LogWorld: Bringing World /Game/Game/Maps/UEDPIE_0_FirstPersonExampleMap.FirstPersonExampleMap up for play (max tick rate 60) at 2021.06.02-11.08.46
[2021.06.02-09.08.46:496][777]LogWorld: Bringing up level for play took: 0.028854
[2021.06.02-09.08.46:496][777]LogGameMode: FindPlayerStart: PATHS NOT DEFINED or NO PLAYERSTART with positive rating
[2021.06.02-09.08.46:499][777]LogLoad: Took 0.095641 seconds to LoadMap(/Game/Game/Maps/UEDPIE_0_FirstPersonExampleMap)
[2021.06.02-09.08.46:509][778]LogSpawn: Warning: SpawnActor failed because of collision at the spawn location [X=-1315.137 Y=-253.805 Z=299.038] for [FirstPersonProjectile_C]
[2021.06.02-09.08.46:543][780]LogSpawn: Warning: SpawnActor failed because of collision at the spawn location [X=-1315.391 Y=-253.480 Z=300.054] for [FirstPersonProjectile_C]
[2021.06.02-09.08.49:515][957]LogSlate: Updating window title bar state: overlay mode, drag disabled, window buttons hidden, title bar hidden
[2021.06.02-09.08.49:515][957]LogWorld: BeginTearingDown for /Game/Game/Maps/UEDPIE_0_FirstPersonExampleMap
[2021.06.02-09.08.49:516][957]LogWorld: UWorld::CleanupWorld for FirstPersonExampleMap, bSessionEnded=true, bCleanupResources=true
[2021.06.02-09.08.49:516][957]LogSlate: InvalidateAllWidgets triggered.  All widgets were invalidated
[2021.06.02-09.08.49:525][957]LogPlayLevel: Display: Shutting down PIE online subsystems
[2021.06.02-09.08.49:527][957]LogSlate: InvalidateAllWidgets triggered.  All widgets were invalidated
[2021.06.02-09.08.49:553][957]LogSlate: Updating window title bar state: overlay mode, drag disabled, window buttons hidden, title bar hidden
[2021.06.02-09.08.49:554][957]LogAISub: UAISubsystem::~UAISubsystem AIPerceptionSystem (0000015C91E6CF40), frame # 957
[2021.06.02-09.08.49:554][957]LogAISub: UAISubsystem::~UAISubsystem EnvQueryManager (0000015CCDC6E600), frame # 957
[2021.06.02-09.08.49:555][957]LogUObjectHash: Compacting FUObjectHashTables data took   0.84ms
[2021.06.02-09.08.49:610][959]LogPlayLevel: Display: Destroying online subsystem :Context_1
[2021.06.02-09.09.50:129][482]LogSavePackage: Moving '../../../../../../Users/AsmundLaptop/Documents/Unreal Projects/FPSTemplateWithShootingAI/Saved/AmmoBar_Fill9EF3B78A420582817155F28A7AE53B93.tmp' to '../../../../../../Users/AsmundLaptop/Documents/Unreal Projects/FPSTemplateWithShootingAI/Content/Game/Assets/HudImages/AmmoBar_Fill.uasset'
[2021.06.02-09.09.50:135][482]LogSavePackage: Moving '../../../../../../Users/AsmundLaptop/Documents/Unreal Projects/FPSTemplateWithShootingAI/Saved/AmmoBar_No_Fill5D4005F0460916D3CE5FCBB510C2C84E.tmp' to '../../../../../../Users/AsmundLaptop/Documents/Unreal Projects/FPSTemplateWithShootingAI/Content/Game/Assets/HudImages/AmmoBar_No_Fill.uasset'
[2021.06.02-09.09.50:139][482]LogSavePackage: Moving '../../../../../../Users/AsmundLaptop/Documents/Unreal Projects/FPSTemplateWithShootingAI/Saved/HealthA08351FB4DF7C34EC58DBDA10886F0A7.tmp' to '../../../../../../Users/AsmundLaptop/Documents/Unreal Projects/FPSTemplateWithShootingAI/Content/Game/Assets/HudImages/Health.uasset'
[2021.06.02-09.09.50:144][482]LogSavePackage: Moving '../../../../../../Users/AsmundLaptop/Documents/Unreal Projects/FPSTemplateWithShootingAI/Saved/LeftBorder4D6828AD42FD52CD7D8C1789C48E1671.tmp' to '../../../../../../Users/AsmundLaptop/Documents/Unreal Projects/FPSTemplateWithShootingAI/Content/Game/Assets/HudImages/LeftBorder.uasset'
[2021.06.02-09.09.50:150][482]LogSavePackage: Moving '../../../../../../Users/AsmundLaptop/Documents/Unreal Projects/FPSTemplateWithShootingAI/Saved/RightBorder201F041D4030D6A3C611148EC94AE748.tmp' to '../../../../../../Users/AsmundLaptop/Documents/Unreal Projects/FPSTemplateWithShootingAI/Content/Game/Assets/HudImages/RightBorder.uasset'
[2021.06.02-09.09.50:348][482]LogUObjectHash: Compacting FUObjectHashTables data took   0.63ms
[2021.06.02-09.09.50:361][482]LogUObjectHash: Compacting FUObjectHashTables data took   0.24ms
[2021.06.02-09.09.50:374][482]LogUObjectHash: Compacting FUObjectHashTables data took   0.24ms
[2021.06.02-09.09.50:387][482]LogUObjectHash: Compacting FUObjectHashTables data took   0.23ms
[2021.06.02-09.09.50:399][482]LogUObjectHash: Compacting FUObjectHashTables data took   0.24ms
[2021.06.02-09.09.50:419][482]LogUObjectHash: Compacting FUObjectHashTables data took   0.59ms
[2021.06.02-09.09.50:429][482]LogUObjectHash: Compacting FUObjectHashTables data took   0.25ms
[2021.06.02-09.09.50:470][482]LogSavePackage: Moving '../../../../../../Users/AsmundLaptop/Documents/Unreal Projects/FPSTemplateWithShootingAI/Saved/GameHudEE1E0026452B48543DC6A7BD6B506161.tmp' to '../../../../../../Users/AsmundLaptop/Documents/Unreal Projects/FPSTemplateWithShootingAI/Content/Game/Blueprints/GameHud.uasset'
[2021.06.02-09.09.50:487][482]LogSavePackage: Moving '../../../../../../Users/AsmundLaptop/Documents/Unreal Projects/FPSTemplateWithShootingAI/Saved/CountdownHud23CA98A74BD37BA19E0E0E9A5BBB744E.tmp' to '../../../../../../Users/AsmundLaptop/Documents/Unreal Projects/FPSTemplateWithShootingAI/Content/Game/Blueprints/CountdownHud.uasset'
[2021.06.02-09.09.50:553][482]AssetCheck: New page: Asset Save: multiple assets
[2021.06.02-09.09.50:553][482]LogContentValidation: Display: Validating Texture2D /Game/Game/Assets/HudImages/AmmoBar_Fill.AmmoBar_Fill
[2021.06.02-09.09.50:553][482]LogContentValidation: Display: Validating Texture2D /Game/Game/Assets/HudImages/AmmoBar_No_Fill.AmmoBar_No_Fill
[2021.06.02-09.09.50:553][482]LogContentValidation: Display: Validating Texture2D /Game/Game/Assets/HudImages/Health.Health
[2021.06.02-09.09.50:553][482]LogContentValidation: Display: Validating Texture2D /Game/Game/Assets/HudImages/LeftBorder.LeftBorder
[2021.06.02-09.09.50:553][482]LogContentValidation: Display: Validating Texture2D /Game/Game/Assets/HudImages/RightBorder.RightBorder
[2021.06.02-09.09.50:553][482]LogContentValidation: Display: Validating WidgetBlueprint /Game/Game/Blueprints/GameHud.GameHud
[2021.06.02-09.09.50:553][482]LogContentValidation: Display: Validating WidgetBlueprint /Game/Game/Blueprints/CountdownHud.CountdownHud
[2021.06.02-09.10.01:384][109]LogTemp: Repeating last play command: Selected Viewport
[2021.06.02-09.10.01:397][109]BlueprintLog: New page: Pre-Play auto-recompile
[2021.06.02-09.10.01:400][109]LogPlayLevel: [PlayLevel] Compiling CountdownHud before play...
[2021.06.02-09.10.01:406][109]LogPlayLevel: [PlayLevel] Compiling GameHud before play...
[2021.06.02-09.10.01:424][109]LogUObjectHash: Compacting FUObjectHashTables data took   0.69ms
[2021.06.02-09.10.01:425][109]LogPlayLevel: PlayLevel: Blueprint regeneration took 27 ms (2 blueprints)
[2021.06.02-09.10.01:425][109]PIE: New page: PIE session: FirstPersonExampleMap (Jun 2, 2021, 1:10:01 PM)
[2021.06.02-09.10.01:425][109]LogPlayLevel: Creating play world package: /Game/Game/Maps/UEDPIE_0_FirstPersonExampleMap
[2021.06.02-09.10.01:440][109]LogPlayLevel: PIE: StaticDuplicateObject took: (0.014534s)
[2021.06.02-09.10.01:441][109]LogAIModule: Creating AISystem for world FirstPersonExampleMap
[2021.06.02-09.10.01:441][109]LogAISub: UAISubsystem::UAISubsystem EnvQueryManager (0000015CB9AE7C00), frame # 4109
[2021.06.02-09.10.01:441][109]LogAISub: UAISubsystem::UAISubsystem AIPerceptionSystem (0000015C8E011D00), frame # 4109
[2021.06.02-09.10.01:442][109]LogPlayLevel: PIE: World Init took: (0.001506s)
[2021.06.02-09.10.01:442][109]LogPlayLevel: PIE: Created PIE world by copying editor world from /Game/Game/Maps/FirstPersonExampleMap.FirstPersonExampleMap to /Game/Game/Maps/UEDPIE_0_FirstPersonExampleMap.FirstPersonExampleMap (0.016206s)
[2021.06.02-09.10.01:457][109]LogUObjectHash: Compacting FUObjectHashTables data took   1.02ms
[2021.06.02-09.10.01:459][109]LogAudioMixer: Display: Audio Mixer Platform Settings:
[2021.06.02-09.10.01:459][109]LogAudioMixer: Display: 	Sample Rate:						  48000
[2021.06.02-09.10.01:459][109]LogAudioMixer: Display: 	Callback Buffer Frame Size Requested: 1024
[2021.06.02-09.10.01:459][109]LogAudioMixer: Display: 	Callback Buffer Frame Size To Use:	  1024
[2021.06.02-09.10.01:459][109]LogAudioMixer: Display: 	Number of buffers to queue:			  2
[2021.06.02-09.10.01:459][109]LogAudioMixer: Display: 	Max Channels (voices):				  32
[2021.06.02-09.10.01:459][109]LogAudioMixer: Display: 	Number of Async Source Workers:		  0
[2021.06.02-09.10.01:459][109]LogAudio: Display: AudioDevice MaxSources: 32
[2021.06.02-09.10.01:459][109]LogAudio: Display: Using built-in audio occlusion.
[2021.06.02-09.10.01:459][109]LogAudioMixer: Display: Initializing audio mixer.
[2021.06.02-09.10.01:461][109]LogAudioMixer: Display: 0: FrontLeft
[2021.06.02-09.10.01:461][109]LogAudioMixer: Display: 1: FrontRight
[2021.06.02-09.10.01:476][109]LogAudioMixer: Display: Using Audio Device Headphones (ROG Headset)
[2021.06.02-09.10.01:476][109]LogAudioMixer: Display: Initializing Sound Submixes...
[2021.06.02-09.10.01:476][109]LogAudioMixer: Display: Creating Master Submix 'MasterSubmixDefault'
[2021.06.02-09.10.01:476][109]LogAudioMixer: Display: Creating Master Submix 'MasterReverbSubmixDefault'
[2021.06.02-09.10.01:477][109]LogAudioMixer: Display: Creating Master Submix 'MasterEQSubmixDefault'
[2021.06.02-09.10.01:488][109]LogInit: FAudioDevice initialized.
[2021.06.02-09.10.01:496][109]LogLoad: Game class is 'FirstPersonGameMode_C'
[2021.06.02-09.10.01:500][109]LogWorld: Bringing World /Game/Game/Maps/UEDPIE_0_FirstPersonExampleMap.FirstPersonExampleMap up for play (max tick rate 60) at 2021.06.02-11.10.01
[2021.06.02-09.10.01:501][109]LogWorld: Bringing up level for play took: 0.004243
[2021.06.02-09.10.01:501][109]LogOnline: OSS: Creating online subsystem instance for: :Context_4
[2021.06.02-09.10.01:505][109]PIE: Server logged in
[2021.06.02-09.10.01:506][109]PIE: Play in editor total start time 0.109 seconds.
[2021.06.02-09.10.15:247][931]LogSlate: Updating window title bar state: overlay mode, drag disabled, window buttons hidden, title bar hidden
[2021.06.02-09.10.15:247][931]LogWorld: BeginTearingDown for /Game/Game/Maps/UEDPIE_0_FirstPersonExampleMap
[2021.06.02-09.10.15:247][931]LogWorld: UWorld::CleanupWorld for FirstPersonExampleMap, bSessionEnded=true, bCleanupResources=true
[2021.06.02-09.10.15:248][931]LogSlate: InvalidateAllWidgets triggered.  All widgets were invalidated
[2021.06.02-09.10.15:255][931]LogPlayLevel: Display: Shutting down PIE online subsystems
[2021.06.02-09.10.15:257][931]LogSlate: InvalidateAllWidgets triggered.  All widgets were invalidated
[2021.06.02-09.10.15:268][931]LogSlate: Updating window title bar state: overlay mode, drag disabled, window buttons hidden, title bar hidden
[2021.06.02-09.10.15:284][931]LogAISub: UAISubsystem::~UAISubsystem AIPerceptionSystem (0000015C8E011D00), frame # 4931
[2021.06.02-09.10.15:284][931]LogAISub: UAISubsystem::~UAISubsystem EnvQueryManager (0000015CB9AE7C00), frame # 4931
[2021.06.02-09.10.15:285][931]LogUObjectHash: Compacting FUObjectHashTables data took   0.64ms
[2021.06.02-09.10.15:339][933]LogPlayLevel: Display: Destroying online subsystem :Context_4
[2021.06.02-09.10.20:750][256]LogUObjectHash: Compacting FUObjectHashTables data took   0.60ms
